[Jun 09 2010 23:25:53.000000 - INFO] POST /api/adwords/cm/v201003/ReportDefinitionService HTTP/1.1
Host: adwords-sandbox.google.com
Connection: Keep-Alive
User-Agent: PHP-SOAP/5.2.9, gzip
Accept-Encoding: gzip, deflate
Content-Encoding: gzip
Content-Type: text/xml; charset=utf-8
SOAPAction: ""
Content-Length: 824

<?xml version="1.0" encoding="UTF-8"?>
<SOAP-ENV:Envelope xmlns:SOAP-ENV="http://schemas.xmlsoap.org/soap/envelope/" xmlns:ns1="https://adwords.google.com/api/adwords/cm/v201003" xmlns:xsi="http://www.w3.org/2001/XMLSchema-instance">
  <SOAP-ENV:Header>
    <ns1:RequestHeader xsi:type="ns1:RequestHeader">
      <ns1:authToken>*****</ns1:authToken>
      <ns1:clientEmail>client_1+malkouna@gmail.com</ns1:clientEmail>
      <ns1:developerToken>malkouna@gmail.com++AUD</ns1:developerToken>
      <ns1:userAgent>AwApi-PHP-2.2.0-agencyxyz</ns1:userAgent>
    </ns1:RequestHeader>
  </SOAP-ENV:Header>
  <SOAP-ENV:Body>
    <ns1:mutate>
      <ns1:operations>
        <ns1:operator>ADD</ns1:operator>
        <ns1:operand>
          <ns1:selector>
            <ns1:fields>AdGroupId</ns1:fields>
            <ns1:fields>Id</ns1:fields>
            <ns1:fields>KeywordText</ns1:fields>
            <ns1:fields>KeywordMatchType</ns1:fields>
            <ns1:fields>Impressions</ns1:fields>
            <ns1:fields>Clicks</ns1:fields>
            <ns1:fields>Cost</ns1:fields>
            <ns1:predicates>
              <ns1:field>AdGroupId</ns1:field>
              <ns1:operator>EQUALS</ns1:operator>
              <ns1:values>3000012850</ns1:values>
            </ns1:predicates>
            <ns1:dateRange>
              <ns1:min>20100501</ns1:min>
              <ns1:max>20100630</ns1:max>
            </ns1:dateRange>
          </ns1:selector>
          <ns1:reportName>Keywords performance report #1276089931</ns1:reportName>
          <ns1:reportType>KEYWORDS_PERFORMANCE_REPORT</ns1:reportType>
          <ns1:dateRangeType>CUSTOM_DATE</ns1:dateRangeType>
          <ns1:downloadFormat>XML</ns1:downloadFormat>
        </ns1:operand>
      </ns1:operations>
    </ns1:mutate>
  </SOAP-ENV:Body>
</SOAP-ENV:Envelope>


HTTP/1.1 200 OK
Content-Type: text/xml; charset=UTF-8
SOAPAction: ""
Content-Encoding: gzip
Transfer-Encoding: chunked
Date: Wed, 09 Jun 2010 13:25:54 GMT
Expires: Wed, 09 Jun 2010 13:25:54 GMT
Cache-Control: private, max-age=0
X-Content-Type-Options: nosniff
X-Frame-Options: SAMEORIGIN
X-XSS-Protection: 1; mode=block
Server: GSE

<?xml version="1.0"?>
<soap:Envelope xmlns:soap="http://schemas.xmlsoap.org/soap/envelope/">
  <soap:Header>
    <ResponseHeader xmlns="https://adwords.google.com/api/adwords/cm/v201003">
      <requestId>0d7d06a09a836e060471f2d8d0cfecda</requestId>
      <operations>1</operations>
      <responseTime>3232</responseTime>
      <units>1</units>
    </ResponseHeader>
  </soap:Header>
  <soap:Body>
    <mutateResponse xmlns="https://adwords.google.com/api/adwords/cm/v201003">
      <rval>
        <id>1046</id>
        <selector>
          <fields>AdGroupId</fields>
          <fields>Id</fields>
          <fields>KeywordText</fields>
          <fields>KeywordMatchType</fields>
          <fields>Impressions</fields>
          <fields>Clicks</fields>
          <fields>Cost</fields>
          <predicates>
            <field>AdGroupId</field>
            <operator>EQUALS</operator>
            <values>3000012850</values>
          </predicates>
          <dateRange>
            <min>20100501</min>
            <max>20100630</max>
          </dateRange>
        </selector>
        <reportName>Keywords performance report #1276089931</reportName>
        <reportType>KEYWORDS_PERFORMANCE_REPORT</reportType>
        <hasAttachment>false</hasAttachment>
        <dateRangeType>CUSTOM_DATE</dateRangeType>
        <downloadFormat>XML</downloadFormat>
        <creationTime>20100609 062553 America/Los_Angeles</creationTime>
      </rval>
    </mutateResponse>
  </soap:Body>
</soap:Envelope>

[Jun 09 2010 23:33:37.000000 - INFO] POST /api/adwords/cm/v201003/ReportDefinitionService HTTP/1.1
Host: adwords-sandbox.google.com
Connection: Keep-Alive
User-Agent: PHP-SOAP/5.2.9, gzip
Accept-Encoding: gzip, deflate
Content-Encoding: gzip
Content-Type: text/xml; charset=utf-8
SOAPAction: ""
Content-Length: 534

<?xml version="1.0" encoding="UTF-8"?>
<SOAP-ENV:Envelope xmlns:SOAP-ENV="http://schemas.xmlsoap.org/soap/envelope/" xmlns:ns1="https://adwords.google.com/api/adwords/cm/v201003" xmlns:xsi="http://www.w3.org/2001/XMLSchema-instance">
  <SOAP-ENV:Header>
    <ns1:RequestHeader xsi:type="ns1:RequestHeader">
      <ns1:authToken>*****</ns1:authToken>
      <ns1:clientEmail>client_1+malkouna@gmail.com</ns1:clientEmail>
      <ns1:developerToken>malkouna@gmail.com++AUD</ns1:developerToken>
      <ns1:userAgent>AwApi-PHP-2.2.0-agencyxyz</ns1:userAgent>
    </ns1:RequestHeader>
  </SOAP-ENV:Header>
  <SOAP-ENV:Body>
    <ns1:get>
      <ns1:selector/>
    </ns1:get>
  </SOAP-ENV:Body>
</SOAP-ENV:Envelope>


HTTP/1.1 200 OK
Content-Type: text/xml; charset=UTF-8
SOAPAction: ""
Content-Encoding: gzip
Transfer-Encoding: chunked
Date: Wed, 09 Jun 2010 13:33:38 GMT
Expires: Wed, 09 Jun 2010 13:33:38 GMT
Cache-Control: private, max-age=0
X-Content-Type-Options: nosniff
X-Frame-Options: SAMEORIGIN
X-XSS-Protection: 1; mode=block
Server: GSE

<?xml version="1.0"?>
<soap:Envelope xmlns:soap="http://schemas.xmlsoap.org/soap/envelope/">
  <soap:Header>
    <ResponseHeader xmlns="https://adwords.google.com/api/adwords/cm/v201003">
      <requestId>65320edc383f29f9caa899ad1557de77</requestId>
      <operations>1</operations>
      <responseTime>3018</responseTime>
      <units>1</units>
    </ResponseHeader>
  </soap:Header>
  <soap:Body>
    <getResponse xmlns="https://adwords.google.com/api/adwords/cm/v201003">
      <rval>
        <entries>
          <id>1046</id>
          <selector>
            <fields>AdGroupId</fields>
            <fields>Id</fields>
            <fields>KeywordText</fields>
            <fields>KeywordMatchType</fields>
            <fields>Impressions</fields>
            <fields>Clicks</fields>
            <fields>Cost</fields>
            <predicates>
              <field>AdGroupId</field>
              <operator>EQUALS</operator>
              <values>3000012850</values>
            </predicates>
            <dateRange>
              <min>20100501</min>
              <max>20100630</max>
            </dateRange>
          </selector>
          <reportName>Keywords performance report #1276089931</reportName>
          <reportType>KEYWORDS_PERFORMANCE_REPORT</reportType>
          <hasAttachment>false</hasAttachment>
          <dateRangeType>CUSTOM_DATE</dateRangeType>
          <downloadFormat>XML</downloadFormat>
          <creationTime>20100609 062553 America/Los_Angeles</creationTime>
        </entries>
        <entries>
          <id>1035</id>
          <selector>
            <fields>AdGroupId</fields>
            <fields>Id</fields>
            <fields>KeywordText</fields>
            <fields>KeywordMatchType</fields>
            <fields>Impressions</fields>
            <fields>Clicks</fields>
            <fields>Cost</fields>
            <predicates>
              <field>AdGroupId</field>
              <operator>EQUALS</operator>
              <values>3000012850</values>
            </predicates>
          </selector>
          <reportName>Keywords performance report #1276063952</reportName>
          <reportType>KEYWORDS_PERFORMANCE_REPORT</reportType>
          <hasAttachment>false</hasAttachment>
          <dateRangeType>CUSTOM_DATE</dateRangeType>
          <downloadFormat>XML</downloadFormat>
          <creationTime>20100608 231234 America/Los_Angeles</creationTime>
        </entries>
        <entries>
          <id>1032</id>
          <selector>
            <fields>AdGroupId</fields>
            <fields>Id</fields>
            <fields>KeywordText</fields>
            <fields>KeywordMatchType</fields>
            <fields>Impressions</fields>
            <fields>Clicks</fields>
            <fields>Cost</fields>
            <predicates>
              <field>AdGroupId</field>
              <operator>EQUALS</operator>
              <values>1</values>
            </predicates>
          </selector>
          <reportName>Keywords performance report #1276061754</reportName>
          <reportType>KEYWORDS_PERFORMANCE_REPORT</reportType>
          <hasAttachment>false</hasAttachment>
          <dateRangeType>CUSTOM_DATE</dateRangeType>
          <downloadFormat>XML</downloadFormat>
          <creationTime>20100608 223556 America/Los_Angeles</creationTime>
        </entries>
        <entries>
          <id>1031</id>
          <selector>
            <fields>AdGroupId</fields>
            <fields>Id</fields>
            <fields>KeywordText</fields>
            <fields>KeywordMatchType</fields>
            <fields>Impressions</fields>
            <fields>Clicks</fields>
            <fields>Cost</fields>
            <predicates>
              <field>AdGroupId</field>
              <operator>EQUALS</operator>
              <values>1</values>
            </predicates>
          </selector>
          <reportName>Keywords performance report #1276061349</reportName>
          <reportType>KEYWORDS_PERFORMANCE_REPORT</reportType>
          <hasAttachment>false</hasAttachment>
          <dateRangeType>CUSTOM_DATE</dateRangeType>
          <downloadFormat>XML</downloadFormat>
          <creationTime>20100608 222911 America/Los_Angeles</creationTime>
        </entries>
        <totalNumEntries>4</totalNumEntries>
      </rval>
    </getResponse>
  </soap:Body>
</soap:Envelope>

[Jun 09 2010 23:43:46.000000 - INFO] POST /api/adwords/cm/v201003/ReportDefinitionService HTTP/1.1
Host: adwords-sandbox.google.com
Connection: Keep-Alive
User-Agent: PHP-SOAP/5.2.9, gzip
Accept-Encoding: gzip, deflate
Content-Encoding: gzip
Content-Type: text/xml; charset=utf-8
SOAPAction: ""
Content-Length: 820

<?xml version="1.0" encoding="UTF-8"?>
<SOAP-ENV:Envelope xmlns:SOAP-ENV="http://schemas.xmlsoap.org/soap/envelope/" xmlns:ns1="https://adwords.google.com/api/adwords/cm/v201003" xmlns:xsi="http://www.w3.org/2001/XMLSchema-instance">
  <SOAP-ENV:Header>
    <ns1:RequestHeader xsi:type="ns1:RequestHeader">
      <ns1:authToken>*****</ns1:authToken>
      <ns1:clientEmail>client_1+malkouna@gmail.com</ns1:clientEmail>
      <ns1:developerToken>malkouna@gmail.com++AUD</ns1:developerToken>
      <ns1:userAgent>AwApi-PHP-2.2.0-agencyxyz</ns1:userAgent>
    </ns1:RequestHeader>
  </SOAP-ENV:Header>
  <SOAP-ENV:Body>
    <ns1:mutate>
      <ns1:operations>
        <ns1:operator>ADD</ns1:operator>
        <ns1:operand>
          <ns1:selector>
            <ns1:fields>AdGroupId</ns1:fields>
            <ns1:fields>Id</ns1:fields>
            <ns1:fields>KeywordText</ns1:fields>
            <ns1:fields>KeywordMatchType</ns1:fields>
            <ns1:fields>Impressions</ns1:fields>
            <ns1:fields>Clicks</ns1:fields>
            <ns1:fields>Cost</ns1:fields>
            <ns1:predicates>
              <ns1:field>AdGroupId</ns1:field>
              <ns1:operator>EQUALS</ns1:operator>
              <ns1:values>3000012850</ns1:values>
            </ns1:predicates>
            <ns1:dateRange>
              <ns1:min>20100501</ns1:min>
              <ns1:max>20100630</ns1:max>
            </ns1:dateRange>
          </ns1:selector>
          <ns1:reportName>Keywords performance report #1276091022</ns1:reportName>
          <ns1:reportType>CAMPAIGN_PERFORMANCE_REPORT</ns1:reportType>
          <ns1:dateRangeType>CUSTOM_DATE</ns1:dateRangeType>
          <ns1:downloadFormat>XML</ns1:downloadFormat>
        </ns1:operand>
      </ns1:operations>
    </ns1:mutate>
  </SOAP-ENV:Body>
</SOAP-ENV:Envelope>


HTTP/1.1 500 Internal Server Error
Content-Type: text/xml; charset=UTF-8
Content-Encoding: gzip
Transfer-Encoding: chunked
Date: Wed, 09 Jun 2010 13:43:47 GMT
Expires: Wed, 09 Jun 2010 13:43:47 GMT
Cache-Control: private, max-age=0
X-Content-Type-Options: nosniff
X-Frame-Options: SAMEORIGIN
X-XSS-Protection: 1; mode=block
Server: GSE

<?xml version="1.0"?>
<soap:Envelope xmlns:soap="http://schemas.xmlsoap.org/soap/envelope/">
  <soap:Header>
    <ResponseHeader xmlns="https://adwords.google.com/api/adwords/cm/v201003">
      <requestId>91bf1fdb2b20303566aa64f6e9389023</requestId>
      <operations>0</operations>
      <responseTime>1383</responseTime>
      <units>1</units>
    </ResponseHeader>
  </soap:Header>
  <soap:Body>
    <soap:Fault>
      <faultcode>soap:Server</faultcode>
      <faultstring>ReportDefinitionError.INVALID_FIELD_NAME_FOR_REPORT @ ; trigger:'AdGroupId'</faultstring>
      <detail>
        <ApiExceptionFault xmlns="https://adwords.google.com/api/adwords/cm/v201003">
          <message>ReportDefinitionError.INVALID_FIELD_NAME_FOR_REPORT @ ; trigger:'AdGroupId'</message>
          <ApplicationException.Type>ApiException</ApplicationException.Type>
          <errors xmlns:xsi="http://www.w3.org/2001/XMLSchema-instance" xsi:type="ReportDefinitionError">
            <fieldPath/>
            <trigger>AdGroupId</trigger>
            <errorString>ReportDefinitionError.INVALID_FIELD_NAME_FOR_REPORT</errorString>
            <ApiError.Type>ReportDefinitionError</ApiError.Type>
            <reason>INVALID_FIELD_NAME_FOR_REPORT</reason>
          </errors>
        </ApiExceptionFault>
      </detail>
    </soap:Fault>
  </soap:Body>
</soap:Envelope>

[Jun 09 2010 23:45:40.000000 - INFO] POST /api/adwords/cm/v201003/ReportDefinitionService HTTP/1.1
Host: adwords-sandbox.google.com
Connection: Keep-Alive
User-Agent: PHP-SOAP/5.2.9, gzip
Accept-Encoding: gzip, deflate
Content-Encoding: gzip
Content-Type: text/xml; charset=utf-8
SOAPAction: ""
Content-Length: 569

<?xml version="1.0" encoding="UTF-8"?>
<SOAP-ENV:Envelope xmlns:SOAP-ENV="http://schemas.xmlsoap.org/soap/envelope/" xmlns:ns1="https://adwords.google.com/api/adwords/cm/v201003" xmlns:xsi="http://www.w3.org/2001/XMLSchema-instance">
  <SOAP-ENV:Header>
    <ns1:RequestHeader xsi:type="ns1:RequestHeader">
      <ns1:authToken>*****</ns1:authToken>
      <ns1:clientEmail>client_1+malkouna@gmail.com</ns1:clientEmail>
      <ns1:developerToken>malkouna@gmail.com++AUD</ns1:developerToken>
      <ns1:userAgent>AwApi-PHP-2.2.0-agencyxyz</ns1:userAgent>
    </ns1:RequestHeader>
  </SOAP-ENV:Header>
  <SOAP-ENV:Body>
    <ns1:getReportFields>
      <ns1:reportType>CAMPAIGN_PERFORMANCE_REPORT</ns1:reportType>
    </ns1:getReportFields>
  </SOAP-ENV:Body>
</SOAP-ENV:Envelope>


HTTP/1.1 200 OK
Content-Type: text/xml; charset=UTF-8
SOAPAction: ""
Content-Encoding: gzip
Transfer-Encoding: chunked
Date: Wed, 09 Jun 2010 13:45:41 GMT
Expires: Wed, 09 Jun 2010 13:45:41 GMT
Cache-Control: private, max-age=0
X-Content-Type-Options: nosniff
X-Frame-Options: SAMEORIGIN
X-XSS-Protection: 1; mode=block
Server: GSE

<?xml version="1.0"?>
<soap:Envelope xmlns:soap="http://schemas.xmlsoap.org/soap/envelope/">
  <soap:Header>
    <ResponseHeader xmlns="https://adwords.google.com/api/adwords/cm/v201003">
      <requestId>c92489ffc8366333e18d02c2240fc089</requestId>
      <operations>24</operations>
      <responseTime>1000</responseTime>
      <units>24</units>
    </ResponseHeader>
  </soap:Header>
  <soap:Body>
    <getReportFieldsResponse xmlns="https://adwords.google.com/api/adwords/cm/v201003">
      <rval>
        <fieldName>AverageCpc</fieldName>
        <fieldType>Money</fieldType>
        <canSelect>true</canSelect>
        <canFilter>true</canFilter>
      </rval>
      <rval>
        <fieldName>AverageCpm</fieldName>
        <fieldType>Money</fieldType>
        <canSelect>true</canSelect>
        <canFilter>true</canFilter>
      </rval>
      <rval>
        <fieldName>AveragePosition</fieldName>
        <fieldType>Double</fieldType>
        <canSelect>true</canSelect>
        <canFilter>true</canFilter>
      </rval>
      <rval>
        <fieldName>Clicks</fieldName>
        <fieldType>Long</fieldType>
        <canSelect>true</canSelect>
        <canFilter>true</canFilter>
      </rval>
      <rval>
        <fieldName>ConversionRate</fieldName>
        <fieldType>Double</fieldType>
        <canSelect>true</canSelect>
        <canFilter>true</canFilter>
      </rval>
      <rval>
        <fieldName>ConversionRateManyPerClick</fieldName>
        <fieldType>Double</fieldType>
        <canSelect>true</canSelect>
        <canFilter>true</canFilter>
      </rval>
      <rval>
        <fieldName>Conversions</fieldName>
        <fieldType>Long</fieldType>
        <canSelect>true</canSelect>
        <canFilter>true</canFilter>
      </rval>
      <rval>
        <fieldName>ConversionsManyPerClick</fieldName>
        <fieldType>Long</fieldType>
        <canSelect>true</canSelect>
        <canFilter>true</canFilter>
      </rval>
      <rval>
        <fieldName>Cost</fieldName>
        <fieldType>Money</fieldType>
        <canSelect>true</canSelect>
        <canFilter>true</canFilter>
      </rval>
      <rval>
        <fieldName>CostPerConversion</fieldName>
        <fieldType>Money</fieldType>
        <canSelect>true</canSelect>
        <canFilter>true</canFilter>
      </rval>
      <rval>
        <fieldName>CostPerConversionManyPerClick</fieldName>
        <fieldType>Money</fieldType>
        <canSelect>true</canSelect>
        <canFilter>true</canFilter>
      </rval>
      <rval>
        <fieldName>Ctr</fieldName>
        <fieldType>Double</fieldType>
        <canSelect>true</canSelect>
        <canFilter>true</canFilter>
      </rval>
      <rval>
        <fieldName>Impressions</fieldName>
        <fieldType>Long</fieldType>
        <canSelect>true</canSelect>
        <canFilter>true</canFilter>
      </rval>
      <rval>
        <fieldName>Amount</fieldName>
        <fieldType>Money</fieldType>
        <canSelect>true</canSelect>
        <canFilter>true</canFilter>
      </rval>
      <rval>
        <fieldName>Period</fieldName>
        <fieldType>BudgetPeriod</fieldType>
        <enumValues>DAILY</enumValues>
        <enumValues>MONTHLY</enumValues>
        <canSelect>true</canSelect>
        <canFilter>true</canFilter>
      </rval>
      <rval>
        <fieldName>EnhancedCpcEnabled</fieldName>
        <fieldType>Boolean</fieldType>
        <canSelect>true</canSelect>
        <canFilter>true</canFilter>
      </rval>
      <rval>
        <fieldName>TargetCpa</fieldName>
        <fieldType>Bid</fieldType>
        <canSelect>true</canSelect>
        <canFilter>true</canFilter>
      </rval>
      <rval>
        <fieldName>KeywordContentMaxCpc</fieldName>
        <fieldType>Bid</fieldType>
        <canSelect>true</canSelect>
        <canFilter>true</canFilter>
      </rval>
      <rval>
        <fieldName>KeywordMaxCpc</fieldName>
        <fieldType>Bid</fieldType>
        <canSelect>true</canSelect>
        <canFilter>true</canFilter>
      </rval>
      <rval>
        <fieldName>SiteMaxCpc</fieldName>
        <fieldType>Bid</fieldType>
        <canSelect>true</canSelect>
        <canFilter>true</canFilter>
      </rval>
      <rval>
        <fieldName>MaxCpm</fieldName>
        <fieldType>Bid</fieldType>
        <canSelect>true</canSelect>
        <canFilter>true</canFilter>
      </rval>
      <rval>
        <fieldName>Id</fieldName>
        <fieldType>Long</fieldType>
        <canSelect>true</canSelect>
        <canFilter>true</canFilter>
      </rval>
      <rval>
        <fieldName>Name</fieldName>
        <fieldType>String</fieldType>
        <canSelect>true</canSelect>
        <canFilter>true</canFilter>
      </rval>
      <rval>
        <fieldName>Status</fieldName>
        <fieldType>CampaignStatus</fieldType>
        <enumValues>ACTIVE</enumValues>
        <enumValues>DELETED</enumValues>
        <enumValues>PAUSED</enumValues>
        <canSelect>true</canSelect>
        <canFilter>true</canFilter>
      </rval>
    </getReportFieldsResponse>
  </soap:Body>
</soap:Envelope>

[Jun 09 2010 23:49:54.000000 - INFO] POST /api/adwords/cm/v201003/ReportDefinitionService HTTP/1.1
Host: adwords-sandbox.google.com
Connection: Keep-Alive
User-Agent: PHP-SOAP/5.2.9, gzip
Accept-Encoding: gzip, deflate
Content-Encoding: gzip
Content-Type: text/xml; charset=utf-8
SOAPAction: ""
Content-Length: 941

<?xml version="1.0" encoding="UTF-8"?>
<SOAP-ENV:Envelope xmlns:SOAP-ENV="http://schemas.xmlsoap.org/soap/envelope/" xmlns:ns1="https://adwords.google.com/api/adwords/cm/v201003" xmlns:xsi="http://www.w3.org/2001/XMLSchema-instance">
  <SOAP-ENV:Header>
    <ns1:RequestHeader xsi:type="ns1:RequestHeader">
      <ns1:authToken>*****</ns1:authToken>
      <ns1:clientEmail>client_1+malkouna@gmail.com</ns1:clientEmail>
      <ns1:developerToken>malkouna@gmail.com++AUD</ns1:developerToken>
      <ns1:userAgent>AwApi-PHP-2.2.0-agencyxyz</ns1:userAgent>
    </ns1:RequestHeader>
  </SOAP-ENV:Header>
  <SOAP-ENV:Body>
    <ns1:mutate>
      <ns1:operations>
        <ns1:operator>ADD</ns1:operator>
        <ns1:operand>
          <ns1:selector>
            <ns1:fields>AverageCpc</ns1:fields>
            <ns1:fields>AverageCpm</ns1:fields>
            <ns1:fields>AveragePosition</ns1:fields>
            <ns1:fields>Clicks</ns1:fields>
            <ns1:fields>ConversionRate</ns1:fields>
            <ns1:fields>ConversionRateManyPerClick</ns1:fields>
            <ns1:fields>Conversions</ns1:fields>
            <ns1:fields>ConversionsManyPerClick</ns1:fields>
            <ns1:fields>Cost</ns1:fields>
            <ns1:fields>CostPerConversion</ns1:fields>
            <ns1:fields>CostPerConversionManyPerClick</ns1:fields>
            <ns1:fields>Ctr</ns1:fields>
            <ns1:fields>Impressions</ns1:fields>
            <ns1:fields>Amount</ns1:fields>
            <ns1:fields>Period</ns1:fields>
            <ns1:fields>EnhancedCpcEnabled</ns1:fields>
            <ns1:fields>TargetCpa</ns1:fields>
            <ns1:fields>KeywordContentMaxCpc</ns1:fields>
            <ns1:fields>KeywordMaxCpc</ns1:fields>
            <ns1:fields>SiteMaxCpc</ns1:fields>
            <ns1:fields>MaxCpm</ns1:fields>
            <ns1:fields>Id</ns1:fields>
            <ns1:fields>Name</ns1:fields>
            <ns1:fields>Status</ns1:fields>
            <ns1:predicates>
              <ns1:field>AdGroupId</ns1:field>
              <ns1:operator>EQUALS</ns1:operator>
              <ns1:values>3000012850</ns1:values>
            </ns1:predicates>
            <ns1:dateRange>
              <ns1:min>20100501</ns1:min>
              <ns1:max>20100630</ns1:max>
            </ns1:dateRange>
          </ns1:selector>
          <ns1:reportName>Keywords performance report #1276091391</ns1:reportName>
          <ns1:reportType>CAMPAIGN_PERFORMANCE_REPORT</ns1:reportType>
          <ns1:dateRangeType>CUSTOM_DATE</ns1:dateRangeType>
          <ns1:downloadFormat>XML</ns1:downloadFormat>
        </ns1:operand>
      </ns1:operations>
    </ns1:mutate>
  </SOAP-ENV:Body>
</SOAP-ENV:Envelope>


HTTP/1.1 500 Internal Server Error
Content-Type: text/xml; charset=UTF-8
Content-Encoding: gzip
Transfer-Encoding: chunked
Date: Wed, 09 Jun 2010 13:49:55 GMT
Expires: Wed, 09 Jun 2010 13:49:55 GMT
Cache-Control: private, max-age=0
X-Content-Type-Options: nosniff
X-Frame-Options: SAMEORIGIN
X-XSS-Protection: 1; mode=block
Server: GSE

<?xml version="1.0"?>
<soap:Envelope xmlns:soap="http://schemas.xmlsoap.org/soap/envelope/">
  <soap:Header>
    <ResponseHeader xmlns="https://adwords.google.com/api/adwords/cm/v201003">
      <requestId>fe4cffa14a5d09293cf5c5c18d1bbdb0</requestId>
      <operations>0</operations>
      <responseTime>1793</responseTime>
      <units>1</units>
    </ResponseHeader>
  </soap:Header>
  <soap:Body>
    <soap:Fault>
      <faultcode>soap:Server</faultcode>
      <faultstring>ReportDefinitionError.INVALID_FIELD_NAME_FOR_REPORT @ ; trigger:'AdGroupId'</faultstring>
      <detail>
        <ApiExceptionFault xmlns="https://adwords.google.com/api/adwords/cm/v201003">
          <message>ReportDefinitionError.INVALID_FIELD_NAME_FOR_REPORT @ ; trigger:'AdGroupId'</message>
          <ApplicationException.Type>ApiException</ApplicationException.Type>
          <errors xmlns:xsi="http://www.w3.org/2001/XMLSchema-instance" xsi:type="ReportDefinitionError">
            <fieldPath/>
            <trigger>AdGroupId</trigger>
            <errorString>ReportDefinitionError.INVALID_FIELD_NAME_FOR_REPORT</errorString>
            <ApiError.Type>ReportDefinitionError</ApiError.Type>
            <reason>INVALID_FIELD_NAME_FOR_REPORT</reason>
          </errors>
        </ApiExceptionFault>
      </detail>
    </soap:Fault>
  </soap:Body>
</soap:Envelope>

[Jun 09 2010 23:50:51.000000 - INFO] POST /api/adwords/cm/v201003/ReportDefinitionService HTTP/1.1
Host: adwords-sandbox.google.com
Connection: Keep-Alive
User-Agent: PHP-SOAP/5.2.9, gzip
Accept-Encoding: gzip, deflate
Content-Encoding: gzip
Content-Type: text/xml; charset=utf-8
SOAPAction: ""
Content-Length: 886

<?xml version="1.0" encoding="UTF-8"?>
<SOAP-ENV:Envelope xmlns:SOAP-ENV="http://schemas.xmlsoap.org/soap/envelope/" xmlns:ns1="https://adwords.google.com/api/adwords/cm/v201003" xmlns:xsi="http://www.w3.org/2001/XMLSchema-instance">
  <SOAP-ENV:Header>
    <ns1:RequestHeader xsi:type="ns1:RequestHeader">
      <ns1:authToken>*****</ns1:authToken>
      <ns1:clientEmail>client_1+malkouna@gmail.com</ns1:clientEmail>
      <ns1:developerToken>malkouna@gmail.com++AUD</ns1:developerToken>
      <ns1:userAgent>AwApi-PHP-2.2.0-agencyxyz</ns1:userAgent>
    </ns1:RequestHeader>
  </SOAP-ENV:Header>
  <SOAP-ENV:Body>
    <ns1:mutate>
      <ns1:operations>
        <ns1:operator>ADD</ns1:operator>
        <ns1:operand>
          <ns1:selector>
            <ns1:fields>AverageCpc</ns1:fields>
            <ns1:fields>AverageCpm</ns1:fields>
            <ns1:fields>AveragePosition</ns1:fields>
            <ns1:fields>Clicks</ns1:fields>
            <ns1:fields>ConversionRate</ns1:fields>
            <ns1:fields>ConversionRateManyPerClick</ns1:fields>
            <ns1:fields>Conversions</ns1:fields>
            <ns1:fields>ConversionsManyPerClick</ns1:fields>
            <ns1:fields>Cost</ns1:fields>
            <ns1:fields>CostPerConversion</ns1:fields>
            <ns1:fields>CostPerConversionManyPerClick</ns1:fields>
            <ns1:fields>Ctr</ns1:fields>
            <ns1:fields>Impressions</ns1:fields>
            <ns1:fields>Amount</ns1:fields>
            <ns1:fields>Period</ns1:fields>
            <ns1:fields>EnhancedCpcEnabled</ns1:fields>
            <ns1:fields>TargetCpa</ns1:fields>
            <ns1:fields>KeywordContentMaxCpc</ns1:fields>
            <ns1:fields>KeywordMaxCpc</ns1:fields>
            <ns1:fields>SiteMaxCpc</ns1:fields>
            <ns1:fields>MaxCpm</ns1:fields>
            <ns1:fields>Id</ns1:fields>
            <ns1:fields>Name</ns1:fields>
            <ns1:fields>Status</ns1:fields>
            <ns1:dateRange>
              <ns1:min>20100501</ns1:min>
              <ns1:max>20100630</ns1:max>
            </ns1:dateRange>
          </ns1:selector>
          <ns1:reportName>Keywords performance report #1276091447</ns1:reportName>
          <ns1:reportType>CAMPAIGN_PERFORMANCE_REPORT</ns1:reportType>
          <ns1:dateRangeType>CUSTOM_DATE</ns1:dateRangeType>
          <ns1:downloadFormat>XML</ns1:downloadFormat>
        </ns1:operand>
      </ns1:operations>
    </ns1:mutate>
  </SOAP-ENV:Body>
</SOAP-ENV:Envelope>


HTTP/1.1 200 OK
Content-Type: text/xml; charset=UTF-8
SOAPAction: ""
Content-Encoding: gzip
Transfer-Encoding: chunked
Date: Wed, 09 Jun 2010 13:50:52 GMT
Expires: Wed, 09 Jun 2010 13:50:52 GMT
Cache-Control: private, max-age=0
X-Content-Type-Options: nosniff
X-Frame-Options: SAMEORIGIN
X-XSS-Protection: 1; mode=block
Server: GSE

<?xml version="1.0"?>
<soap:Envelope xmlns:soap="http://schemas.xmlsoap.org/soap/envelope/">
  <soap:Header>
    <ResponseHeader xmlns="https://adwords.google.com/api/adwords/cm/v201003">
      <requestId>1f9cc2c75f8270afac52f19cac225403</requestId>
      <operations>1</operations>
      <responseTime>2633</responseTime>
      <units>1</units>
    </ResponseHeader>
  </soap:Header>
  <soap:Body>
    <mutateResponse xmlns="https://adwords.google.com/api/adwords/cm/v201003">
      <rval>
        <id>1047</id>
        <selector>
          <fields>AverageCpc</fields>
          <fields>AverageCpm</fields>
          <fields>AveragePosition</fields>
          <fields>Clicks</fields>
          <fields>ConversionRate</fields>
          <fields>ConversionRateManyPerClick</fields>
          <fields>Conversions</fields>
          <fields>ConversionsManyPerClick</fields>
          <fields>Cost</fields>
          <fields>CostPerConversion</fields>
          <fields>CostPerConversionManyPerClick</fields>
          <fields>Ctr</fields>
          <fields>Impressions</fields>
          <fields>Amount</fields>
          <fields>Period</fields>
          <fields>EnhancedCpcEnabled</fields>
          <fields>TargetCpa</fields>
          <fields>KeywordContentMaxCpc</fields>
          <fields>KeywordMaxCpc</fields>
          <fields>SiteMaxCpc</fields>
          <fields>MaxCpm</fields>
          <fields>Id</fields>
          <fields>Name</fields>
          <fields>Status</fields>
          <dateRange>
            <min>20100501</min>
            <max>20100630</max>
          </dateRange>
        </selector>
        <reportName>Keywords performance report #1276091447</reportName>
        <reportType>CAMPAIGN_PERFORMANCE_REPORT</reportType>
        <hasAttachment>false</hasAttachment>
        <dateRangeType>CUSTOM_DATE</dateRangeType>
        <downloadFormat>XML</downloadFormat>
        <creationTime>20100609 065051 America/Los_Angeles</creationTime>
      </rval>
    </mutateResponse>
  </soap:Body>
</soap:Envelope>

[Jan 05 2011 16:41:19.000000 - INFO] POST /api/adwords/o/v201003/TargetingIdeaService HTTP/1.1
Host: adwords-sandbox.google.com
Connection: Keep-Alive
User-Agent: PHP-SOAP/5.2.9, gzip
Accept-Encoding: gzip, deflate
Content-Encoding: gzip
Content-Type: text/xml; charset=utf-8
SOAPAction: ""
Content-Length: 747

<?xml version="1.0" encoding="UTF-8"?>
<SOAP-ENV:Envelope xmlns:SOAP-ENV="http://schemas.xmlsoap.org/soap/envelope/" xmlns:ns1="https://adwords.google.com/api/adwords/o/v201003" xmlns:xsi="http://www.w3.org/2001/XMLSchema-instance" xmlns:ns2="https://adwords.google.com/api/adwords/cm/v201003">
  <SOAP-ENV:Header>
    <ns1:RequestHeader xsi:type="ns2:RequestHeader">
      <ns2:authToken>*****</ns2:authToken>
      <ns2:clientEmail>client_1+malkouna@gmail.com</ns2:clientEmail>
      <ns2:developerToken>malkouna@gmail.com++AUD</ns2:developerToken>
      <ns2:userAgent>AwApi-PHP-2.2.0-agencyxyz</ns2:userAgent>
    </ns1:RequestHeader>
  </SOAP-ENV:Header>
  <SOAP-ENV:Body>
    <ns1:get>
      <ns1:selector>
        <ns1:searchParameters xmlns:ns1="https://adwords.google.com/api/adwords/o/v201003" xsi:type="ns1:RelatedToUrlSearchParameter">
          <ns1:urls>mars.google.com</ns1:urls>
          <ns1:includeSubUrls>false</ns1:includeSubUrls>
        </ns1:searchParameters>
        <ns1:ideaType>PLACEMENT</ns1:ideaType>
        <ns1:requestType>IDEAS</ns1:requestType>
        <ns1:requestedAttributeTypes>PLACEMENT</ns1:requestedAttributeTypes>
        <ns1:requestedAttributeTypes>PLACEMENT_TYPE</ns1:requestedAttributeTypes>
        <ns1:paging>
          <ns2:startIndex>0</ns2:startIndex>
          <ns2:numberResults>10</ns2:numberResults>
        </ns1:paging>
      </ns1:selector>
    </ns1:get>
  </SOAP-ENV:Body>
</SOAP-ENV:Envelope>


HTTP/1.1 500 Internal Server Error
Content-Type: text/xml; charset=UTF-8
Content-Encoding: gzip
Transfer-Encoding: chunked
Date: Wed, 05 Jan 2011 05:41:19 GMT
Expires: Wed, 05 Jan 2011 05:41:19 GMT
Cache-Control: private, max-age=0
X-Content-Type-Options: nosniff
X-Frame-Options: SAMEORIGIN
X-XSS-Protection: 1; mode=block
Server: GSE

<?xml version="1.0"?>
<soap:Envelope xmlns:soap="http://schemas.xmlsoap.org/soap/envelope/">
  <soap:Header>
    <ns2:ResponseHeader xmlns:ns2="https://adwords.google.com/api/adwords/o/v201003" xmlns="https://adwords.google.com/api/adwords/cm/v201003">
      <requestId>e6310f70ff619a9b873dcb85e5a45621</requestId>
      <operations>0</operations>
      <responseTime>402</responseTime>
      <units>0</units>
    </ns2:ResponseHeader>
  </soap:Header>
  <soap:Body>
    <soap:Fault>
      <faultcode>soap:Server</faultcode>
      <faultstring>AuthenticationError.NOT_ADS_USER @ ; trigger:'407343454594' Service[TargetingIdeaService.get]</faultstring>
      <detail>
        <ns2:ApiExceptionFault xmlns="https://adwords.google.com/api/adwords/cm/v201003" xmlns:ns2="https://adwords.google.com/api/adwords/o/v201003">
          <message>AuthenticationError.NOT_ADS_USER @ ; trigger:'407343454594' Service[TargetingIdeaService.get]</message>
          <ApplicationException.Type>ApiException</ApplicationException.Type>
          <errors xmlns:xsi="http://www.w3.org/2001/XMLSchema-instance" xsi:type="AuthenticationError">
            <fieldPath/>
            <trigger>407343454594</trigger>
            <errorString>AuthenticationError.NOT_ADS_USER</errorString>
            <ApiError.Type>AuthenticationError</ApiError.Type>
            <reason>NOT_ADS_USER</reason>
          </errors>
        </ns2:ApiExceptionFault>
      </detail>
    </soap:Fault>
  </soap:Body>
</soap:Envelope>

[Jan 05 2011 16:47:39.000000 - INFO] POST /api/adwords/o/v201003/TargetingIdeaService HTTP/1.1
Host: adwords-sandbox.google.com
Connection: Keep-Alive
User-Agent: PHP-SOAP/5.2.9, gzip
Accept-Encoding: gzip, deflate
Content-Encoding: gzip
Content-Type: text/xml; charset=utf-8
SOAPAction: ""
Content-Length: 723

<?xml version="1.0" encoding="UTF-8"?>
<SOAP-ENV:Envelope xmlns:SOAP-ENV="http://schemas.xmlsoap.org/soap/envelope/" xmlns:ns1="https://adwords.google.com/api/adwords/o/v201003" xmlns:xsi="http://www.w3.org/2001/XMLSchema-instance" xmlns:ns2="https://adwords.google.com/api/adwords/cm/v201003">
  <SOAP-ENV:Header>
    <ns1:RequestHeader xsi:type="ns2:RequestHeader">
      <ns2:authToken>*****</ns2:authToken>
      <ns2:developerToken>malkouna@gmail.com++AUD</ns2:developerToken>
      <ns2:userAgent>AwApi-PHP-2.2.0-agencyxyz</ns2:userAgent>
    </ns1:RequestHeader>
  </SOAP-ENV:Header>
  <SOAP-ENV:Body>
    <ns1:get>
      <ns1:selector>
        <ns1:searchParameters xmlns:ns1="https://adwords.google.com/api/adwords/o/v201003" xsi:type="ns1:RelatedToUrlSearchParameter">
          <ns1:urls>mars.google.com</ns1:urls>
          <ns1:includeSubUrls>false</ns1:includeSubUrls>
        </ns1:searchParameters>
        <ns1:ideaType>PLACEMENT</ns1:ideaType>
        <ns1:requestType>IDEAS</ns1:requestType>
        <ns1:requestedAttributeTypes>PLACEMENT</ns1:requestedAttributeTypes>
        <ns1:requestedAttributeTypes>PLACEMENT_TYPE</ns1:requestedAttributeTypes>
        <ns1:paging>
          <ns2:startIndex>0</ns2:startIndex>
          <ns2:numberResults>10</ns2:numberResults>
        </ns1:paging>
      </ns1:selector>
    </ns1:get>
  </SOAP-ENV:Body>
</SOAP-ENV:Envelope>


HTTP/1.1 500 Internal Server Error
Content-Type: text/xml; charset=UTF-8
Content-Encoding: gzip
Transfer-Encoding: chunked
Date: Wed, 05 Jan 2011 05:47:39 GMT
Expires: Wed, 05 Jan 2011 05:47:39 GMT
Cache-Control: private, max-age=0
X-Content-Type-Options: nosniff
X-Frame-Options: SAMEORIGIN
X-XSS-Protection: 1; mode=block
Server: GSE

<?xml version="1.0"?>
<soap:Envelope xmlns:soap="http://schemas.xmlsoap.org/soap/envelope/">
  <soap:Header>
    <ns2:ResponseHeader xmlns:ns2="https://adwords.google.com/api/adwords/o/v201003" xmlns="https://adwords.google.com/api/adwords/cm/v201003">
      <requestId>2e53b4b624aa3e683844534748521512</requestId>
      <operations>0</operations>
      <responseTime>333</responseTime>
      <units>0</units>
    </ns2:ResponseHeader>
  </soap:Header>
  <soap:Body>
    <soap:Fault>
      <faultcode>soap:Server</faultcode>
      <faultstring>AuthenticationError.NOT_ADS_USER @ ; trigger:'407343454594' Service[TargetingIdeaService.get]</faultstring>
      <detail>
        <ns2:ApiExceptionFault xmlns="https://adwords.google.com/api/adwords/cm/v201003" xmlns:ns2="https://adwords.google.com/api/adwords/o/v201003">
          <message>AuthenticationError.NOT_ADS_USER @ ; trigger:'407343454594' Service[TargetingIdeaService.get]</message>
          <ApplicationException.Type>ApiException</ApplicationException.Type>
          <errors xmlns:xsi="http://www.w3.org/2001/XMLSchema-instance" xsi:type="AuthenticationError">
            <fieldPath/>
            <trigger>407343454594</trigger>
            <errorString>AuthenticationError.NOT_ADS_USER</errorString>
            <ApiError.Type>AuthenticationError</ApiError.Type>
            <reason>NOT_ADS_USER</reason>
          </errors>
        </ns2:ApiExceptionFault>
      </detail>
    </soap:Fault>
  </soap:Body>
</soap:Envelope>

[Jan 05 2011 17:22:47.000000 - INFO] POST /api/adwords/o/v201003/TargetingIdeaService HTTP/1.1
Host: adwords-sandbox.google.com
Connection: Keep-Alive
User-Agent: PHP-SOAP/5.2.9, gzip
Accept-Encoding: gzip, deflate
Content-Encoding: gzip
Content-Type: text/xml; charset=utf-8
SOAPAction: ""
Content-Length: 724

<?xml version="1.0" encoding="UTF-8"?>
<SOAP-ENV:Envelope xmlns:SOAP-ENV="http://schemas.xmlsoap.org/soap/envelope/" xmlns:ns1="https://adwords.google.com/api/adwords/o/v201003" xmlns:xsi="http://www.w3.org/2001/XMLSchema-instance" xmlns:ns2="https://adwords.google.com/api/adwords/cm/v201003">
  <SOAP-ENV:Header>
    <ns1:RequestHeader xsi:type="ns2:RequestHeader">
      <ns2:authToken>*****</ns2:authToken>
      <ns2:developerToken>malkouna@gmail.com++AUD</ns2:developerToken>
      <ns2:userAgent>AwApi-PHP-2.2.0-agencyxyz</ns2:userAgent>
    </ns1:RequestHeader>
  </SOAP-ENV:Header>
  <SOAP-ENV:Body>
    <ns1:get>
      <ns1:selector>
        <ns1:searchParameters xmlns:ns1="https://adwords.google.com/api/adwords/o/v201003" xsi:type="ns1:RelatedToUrlSearchParameter">
          <ns1:urls>mars.google.com</ns1:urls>
          <ns1:includeSubUrls>false</ns1:includeSubUrls>
        </ns1:searchParameters>
        <ns1:ideaType>PLACEMENT</ns1:ideaType>
        <ns1:requestType>IDEAS</ns1:requestType>
        <ns1:requestedAttributeTypes>PLACEMENT</ns1:requestedAttributeTypes>
        <ns1:requestedAttributeTypes>PLACEMENT_TYPE</ns1:requestedAttributeTypes>
        <ns1:paging>
          <ns2:startIndex>0</ns2:startIndex>
          <ns2:numberResults>10</ns2:numberResults>
        </ns1:paging>
      </ns1:selector>
    </ns1:get>
  </SOAP-ENV:Body>
</SOAP-ENV:Envelope>


HTTP/1.1 500 Internal Server Error
Content-Type: text/xml; charset=UTF-8
Content-Encoding: gzip
Transfer-Encoding: chunked
Date: Wed, 05 Jan 2011 06:22:47 GMT
Expires: Wed, 05 Jan 2011 06:22:47 GMT
Cache-Control: private, max-age=0
X-Content-Type-Options: nosniff
X-Frame-Options: SAMEORIGIN
X-XSS-Protection: 1; mode=block
Server: GSE

<?xml version="1.0"?>
<soap:Envelope xmlns:soap="http://schemas.xmlsoap.org/soap/envelope/">
  <soap:Header>
    <ns2:ResponseHeader xmlns:ns2="https://adwords.google.com/api/adwords/o/v201003" xmlns="https://adwords.google.com/api/adwords/cm/v201003">
      <requestId>2b053b32331c7db4ac5f5a5392f2f92e</requestId>
      <operations>0</operations>
      <responseTime>321</responseTime>
      <units>0</units>
    </ns2:ResponseHeader>
  </soap:Header>
  <soap:Body>
    <soap:Fault>
      <faultcode>soap:Server</faultcode>
      <faultstring>AuthenticationError.NOT_ADS_USER @ ; trigger:'407343454594' Service[TargetingIdeaService.get]</faultstring>
      <detail>
        <ns2:ApiExceptionFault xmlns="https://adwords.google.com/api/adwords/cm/v201003" xmlns:ns2="https://adwords.google.com/api/adwords/o/v201003">
          <message>AuthenticationError.NOT_ADS_USER @ ; trigger:'407343454594' Service[TargetingIdeaService.get]</message>
          <ApplicationException.Type>ApiException</ApplicationException.Type>
          <errors xmlns:xsi="http://www.w3.org/2001/XMLSchema-instance" xsi:type="AuthenticationError">
            <fieldPath/>
            <trigger>407343454594</trigger>
            <errorString>AuthenticationError.NOT_ADS_USER</errorString>
            <ApiError.Type>AuthenticationError</ApiError.Type>
            <reason>NOT_ADS_USER</reason>
          </errors>
        </ns2:ApiExceptionFault>
      </detail>
    </soap:Fault>
  </soap:Body>
</soap:Envelope>

[Jan 05 2011 17:24:46.000000 - INFO] POST /api/adwords/cm/v201003/CampaignService HTTP/1.1
Host: adwords-sandbox.google.com
Connection: Keep-Alive
User-Agent: PHP-SOAP/5.2.9, gzip
Accept-Encoding: gzip, deflate
Content-Encoding: gzip
Content-Type: text/xml; charset=utf-8
SOAPAction: ""
Content-Length: 531

<?xml version="1.0" encoding="UTF-8"?>
<SOAP-ENV:Envelope xmlns:SOAP-ENV="http://schemas.xmlsoap.org/soap/envelope/" xmlns:ns1="https://adwords.google.com/api/adwords/cm/v201003" xmlns:xsi="http://www.w3.org/2001/XMLSchema-instance">
  <SOAP-ENV:Header>
    <ns1:RequestHeader xsi:type="ns1:RequestHeader">
      <ns1:authToken>*****</ns1:authToken>
      <ns1:developerToken>malkouna@gmail.com++AUD</ns1:developerToken>
      <ns1:userAgent>AwApi-PHP-2.2.0-agencyxyz</ns1:userAgent>
    </ns1:RequestHeader>
  </SOAP-ENV:Header>
  <SOAP-ENV:Body>
    <ns1:get>
      <ns1:selector/>
    </ns1:get>
  </SOAP-ENV:Body>
</SOAP-ENV:Envelope>


HTTP/1.1 200 OK
Content-Type: text/xml; charset=UTF-8
SOAPAction: ""
Content-Encoding: gzip
Transfer-Encoding: chunked
Date: Wed, 05 Jan 2011 06:24:45 GMT
Expires: Wed, 05 Jan 2011 06:24:45 GMT
Cache-Control: private, max-age=0
X-Content-Type-Options: nosniff
X-Frame-Options: SAMEORIGIN
X-XSS-Protection: 1; mode=block
Server: GSE

<?xml version="1.0"?>
<soap:Envelope xmlns:soap="http://schemas.xmlsoap.org/soap/envelope/">
  <soap:Header>
    <ResponseHeader xmlns="https://adwords.google.com/api/adwords/cm/v201003">
      <requestId>fa200c1c56e0a7ceb1f8fd31b613e62e</requestId>
      <operations>1</operations>
      <responseTime>10848</responseTime>
      <units>1</units>
    </ResponseHeader>
  </soap:Header>
  <soap:Body>
    <getResponse xmlns="https://adwords.google.com/api/adwords/cm/v201003">
      <rval>
        <totalNumEntries>0</totalNumEntries>
        <Page.Type>CampaignPage</Page.Type>
        <totalBudget>
          <period>DAILY</period>
          <amount>
            <ComparableValue.Type>Money</ComparableValue.Type>
            <microAmount>0</microAmount>
          </amount>
          <deliveryMethod>STANDARD</deliveryMethod>
        </totalBudget>
      </rval>
    </getResponse>
  </soap:Body>
</soap:Envelope>

[Jan 05 2011 17:26:11.000000 - INFO] POST /api/adwords/cm/v201003/CampaignService HTTP/1.1
Host: adwords-sandbox.google.com
Connection: Keep-Alive
User-Agent: PHP-SOAP/5.2.9, gzip
Accept-Encoding: gzip, deflate
Content-Encoding: gzip
Content-Type: text/xml; charset=utf-8
SOAPAction: ""
Content-Length: 532

<?xml version="1.0" encoding="UTF-8"?>
<SOAP-ENV:Envelope xmlns:SOAP-ENV="http://schemas.xmlsoap.org/soap/envelope/" xmlns:ns1="https://adwords.google.com/api/adwords/cm/v201003" xmlns:xsi="http://www.w3.org/2001/XMLSchema-instance">
  <SOAP-ENV:Header>
    <ns1:RequestHeader xsi:type="ns1:RequestHeader">
      <ns1:authToken>*****</ns1:authToken>
      <ns1:developerToken>malkouna@gmail.com++AUD</ns1:developerToken>
      <ns1:userAgent>AwApi-PHP-2.2.0-agencyxyz</ns1:userAgent>
    </ns1:RequestHeader>
  </SOAP-ENV:Header>
  <SOAP-ENV:Body>
    <ns1:get>
      <ns1:selector/>
    </ns1:get>
  </SOAP-ENV:Body>
</SOAP-ENV:Envelope>


HTTP/1.1 200 OK
Content-Type: text/xml; charset=UTF-8
SOAPAction: ""
Content-Encoding: gzip
Transfer-Encoding: chunked
Date: Wed, 05 Jan 2011 06:26:11 GMT
Expires: Wed, 05 Jan 2011 06:26:11 GMT
Cache-Control: private, max-age=0
X-Content-Type-Options: nosniff
X-Frame-Options: SAMEORIGIN
X-XSS-Protection: 1; mode=block
Server: GSE

<?xml version="1.0"?>
<soap:Envelope xmlns:soap="http://schemas.xmlsoap.org/soap/envelope/">
  <soap:Header>
    <ResponseHeader xmlns="https://adwords.google.com/api/adwords/cm/v201003">
      <requestId>3805cc5ca0057c8f413d5df3e92b6d1e</requestId>
      <operations>1</operations>
      <responseTime>334</responseTime>
      <units>1</units>
    </ResponseHeader>
  </soap:Header>
  <soap:Body>
    <getResponse xmlns="https://adwords.google.com/api/adwords/cm/v201003">
      <rval>
        <totalNumEntries>0</totalNumEntries>
        <Page.Type>CampaignPage</Page.Type>
        <totalBudget>
          <period>DAILY</period>
          <amount>
            <ComparableValue.Type>Money</ComparableValue.Type>
            <microAmount>0</microAmount>
          </amount>
          <deliveryMethod>STANDARD</deliveryMethod>
        </totalBudget>
      </rval>
    </getResponse>
  </soap:Body>
</soap:Envelope>

[Jan 05 2011 17:27:01.000000 - INFO] POST /api/adwords/o/v201003/TargetingIdeaService HTTP/1.1
Host: adwords-sandbox.google.com
Connection: Keep-Alive
User-Agent: PHP-SOAP/5.2.9, gzip
Accept-Encoding: gzip, deflate
Content-Encoding: gzip
Content-Type: text/xml; charset=utf-8
SOAPAction: ""
Content-Length: 788

<?xml version="1.0" encoding="UTF-8"?>
<SOAP-ENV:Envelope xmlns:SOAP-ENV="http://schemas.xmlsoap.org/soap/envelope/" xmlns:ns1="https://adwords.google.com/api/adwords/o/v201003" xmlns:xsi="http://www.w3.org/2001/XMLSchema-instance" xmlns:ns2="https://adwords.google.com/api/adwords/cm/v201003">
  <SOAP-ENV:Header>
    <ns1:RequestHeader xsi:type="ns2:RequestHeader">
      <ns2:authToken>*****</ns2:authToken>
      <ns2:developerToken>malkouna@gmail.com++AUD</ns2:developerToken>
      <ns2:userAgent>AwApi-PHP-2.2.0-agencyxyz</ns2:userAgent>
    </ns1:RequestHeader>
  </SOAP-ENV:Header>
  <SOAP-ENV:Body>
    <ns1:get>
      <ns1:selector>
        <ns1:searchParameters xmlns:ns1="https://adwords.google.com/api/adwords/o/v201003" xsi:type="ns1:RelatedToUrlSearchParameter">
          <ns1:urls>www.agencyxyz.com</ns1:urls>
          <ns1:includeSubUrls>false</ns1:includeSubUrls>
        </ns1:searchParameters>
        <ns1:searchParameters xmlns:ns1="https://adwords.google.com/api/adwords/o/v201003" xsi:type="ns1:KeywordMatchTypeSearchParameter">
          <ns1:keywordMatchTypes>BROAD</ns1:keywordMatchTypes>
        </ns1:searchParameters>
        <ns1:ideaType>KEYWORD</ns1:ideaType>
        <ns1:requestType>IDEAS</ns1:requestType>
        <ns1:requestedAttributeTypes>KEYWORD</ns1:requestedAttributeTypes>
        <ns1:requestedAttributeTypes>AVERAGE_TARGETED_MONTHLY_SEARCHES</ns1:requestedAttributeTypes>
        <ns1:paging>
          <ns2:startIndex>0</ns2:startIndex>
          <ns2:numberResults>10</ns2:numberResults>
        </ns1:paging>
      </ns1:selector>
    </ns1:get>
  </SOAP-ENV:Body>
</SOAP-ENV:Envelope>


HTTP/1.1 200 OK
Content-Type: text/xml; charset=UTF-8
SOAPAction: ""
Content-Encoding: gzip
Transfer-Encoding: chunked
Date: Wed, 05 Jan 2011 06:27:01 GMT
Expires: Wed, 05 Jan 2011 06:27:01 GMT
Cache-Control: private, max-age=0
X-Content-Type-Options: nosniff
X-Frame-Options: SAMEORIGIN
X-XSS-Protection: 1; mode=block
Server: GSE

<?xml version="1.0"?>
<soap:Envelope xmlns:soap="http://schemas.xmlsoap.org/soap/envelope/">
  <soap:Header>
    <ns2:ResponseHeader xmlns:ns2="https://adwords.google.com/api/adwords/o/v201003" xmlns="https://adwords.google.com/api/adwords/cm/v201003">
      <requestId>84a8b303a1191cd68b388db5d3eca2e8</requestId>
      <operations>10</operations>
      <responseTime>753</responseTime>
      <units>10</units>
    </ns2:ResponseHeader>
  </soap:Header>
  <soap:Body>
    <ns2:getResponse xmlns="https://adwords.google.com/api/adwords/cm/v201003" xmlns:ns2="https://adwords.google.com/api/adwords/o/v201003">
      <ns2:rval>
        <ns2:totalNumEntries>100</ns2:totalNumEntries>
        <ns2:entries>
          <ns2:data>
            <ns2:key>KEYWORD</ns2:key>
            <ns2:value xmlns:xsi="http://www.w3.org/2001/XMLSchema-instance" xsi:type="ns2:KeywordAttribute">
              <ns2:Attribute.Type>KeywordAttribute</ns2:Attribute.Type>
              <ns2:value>
                <Criterion.Type>Keyword</Criterion.Type>
                <text>sample keyword 526502799 0</text>
                <matchType>BROAD</matchType>
              </ns2:value>
            </ns2:value>
          </ns2:data>
          <ns2:data>
            <ns2:key>AVERAGE_TARGETED_MONTHLY_SEARCHES</ns2:key>
            <ns2:value xmlns:xsi="http://www.w3.org/2001/XMLSchema-instance" xsi:type="ns2:LongAttribute">
              <ns2:Attribute.Type>LongAttribute</ns2:Attribute.Type>
              <ns2:value>79516</ns2:value>
            </ns2:value>
          </ns2:data>
        </ns2:entries>
        <ns2:entries>
          <ns2:data>
            <ns2:key>KEYWORD</ns2:key>
            <ns2:value xmlns:xsi="http://www.w3.org/2001/XMLSchema-instance" xsi:type="ns2:KeywordAttribute">
              <ns2:Attribute.Type>KeywordAttribute</ns2:Attribute.Type>
              <ns2:value>
                <Criterion.Type>Keyword</Criterion.Type>
                <text>Red Herring 1</text>
                <matchType>BROAD</matchType>
              </ns2:value>
            </ns2:value>
          </ns2:data>
          <ns2:data>
            <ns2:key>AVERAGE_TARGETED_MONTHLY_SEARCHES</ns2:key>
            <ns2:value xmlns:xsi="http://www.w3.org/2001/XMLSchema-instance" xsi:type="ns2:LongAttribute">
              <ns2:Attribute.Type>LongAttribute</ns2:Attribute.Type>
              <ns2:value>207855</ns2:value>
            </ns2:value>
          </ns2:data>
        </ns2:entries>
        <ns2:entries>
          <ns2:data>
            <ns2:key>KEYWORD</ns2:key>
            <ns2:value xmlns:xsi="http://www.w3.org/2001/XMLSchema-instance" xsi:type="ns2:KeywordAttribute">
              <ns2:Attribute.Type>KeywordAttribute</ns2:Attribute.Type>
              <ns2:value>
                <Criterion.Type>Keyword</Criterion.Type>
                <text>sample keyword 526502799 2</text>
                <matchType>BROAD</matchType>
              </ns2:value>
            </ns2:value>
          </ns2:data>
          <ns2:data>
            <ns2:key>AVERAGE_TARGETED_MONTHLY_SEARCHES</ns2:key>
            <ns2:value xmlns:xsi="http://www.w3.org/2001/XMLSchema-instance" xsi:type="ns2:LongAttribute">
              <ns2:Attribute.Type>LongAttribute</ns2:Attribute.Type>
              <ns2:value>69492</ns2:value>
            </ns2:value>
          </ns2:data>
        </ns2:entries>
        <ns2:entries>
          <ns2:data>
            <ns2:key>KEYWORD</ns2:key>
            <ns2:value xmlns:xsi="http://www.w3.org/2001/XMLSchema-instance" xsi:type="ns2:KeywordAttribute">
              <ns2:Attribute.Type>KeywordAttribute</ns2:Attribute.Type>
              <ns2:value>
                <Criterion.Type>Keyword</Criterion.Type>
                <text>Red Herring 3</text>
                <matchType>BROAD</matchType>
              </ns2:value>
            </ns2:value>
          </ns2:data>
          <ns2:data>
            <ns2:key>AVERAGE_TARGETED_MONTHLY_SEARCHES</ns2:key>
            <ns2:value xmlns:xsi="http://www.w3.org/2001/XMLSchema-instance" xsi:type="ns2:LongAttribute">
              <ns2:Attribute.Type>LongAttribute</ns2:Attribute.Type>
              <ns2:value>64368</ns2:value>
            </ns2:value>
          </ns2:data>
        </ns2:entries>
        <ns2:entries>
          <ns2:data>
            <ns2:key>KEYWORD</ns2:key>
            <ns2:value xmlns:xsi="http://www.w3.org/2001/XMLSchema-instance" xsi:type="ns2:KeywordAttribute">
              <ns2:Attribute.Type>KeywordAttribute</ns2:Attribute.Type>
              <ns2:value>
                <Criterion.Type>Keyword</Criterion.Type>
                <text>sample keyword 526502799 4</text>
                <matchType>BROAD</matchType>
              </ns2:value>
            </ns2:value>
          </ns2:data>
          <ns2:data>
            <ns2:key>AVERAGE_TARGETED_MONTHLY_SEARCHES</ns2:key>
            <ns2:value xmlns:xsi="http://www.w3.org/2001/XMLSchema-instance" xsi:type="ns2:LongAttribute">
              <ns2:Attribute.Type>LongAttribute</ns2:Attribute.Type>
              <ns2:value>192356</ns2:value>
            </ns2:value>
          </ns2:data>
        </ns2:entries>
        <ns2:entries>
          <ns2:data>
            <ns2:key>KEYWORD</ns2:key>
            <ns2:value xmlns:xsi="http://www.w3.org/2001/XMLSchema-instance" xsi:type="ns2:KeywordAttribute">
              <ns2:Attribute.Type>KeywordAttribute</ns2:Attribute.Type>
              <ns2:value>
                <Criterion.Type>Keyword</Criterion.Type>
                <text>Red Herring 5</text>
                <matchType>BROAD</matchType>
              </ns2:value>
            </ns2:value>
          </ns2:data>
          <ns2:data>
            <ns2:key>AVERAGE_TARGETED_MONTHLY_SEARCHES</ns2:key>
            <ns2:value xmlns:xsi="http://www.w3.org/2001/XMLSchema-instance" xsi:type="ns2:LongAttribute">
              <ns2:Attribute.Type>LongAttribute</ns2:Attribute.Type>
              <ns2:value>180033</ns2:value>
            </ns2:value>
          </ns2:data>
        </ns2:entries>
        <ns2:entries>
          <ns2:data>
            <ns2:key>KEYWORD</ns2:key>
            <ns2:value xmlns:xsi="http://www.w3.org/2001/XMLSchema-instance" xsi:type="ns2:KeywordAttribute">
              <ns2:Attribute.Type>KeywordAttribute</ns2:Attribute.Type>
              <ns2:value>
                <Criterion.Type>Keyword</Criterion.Type>
                <text>sample keyword 526502799 6</text>
                <matchType>BROAD</matchType>
              </ns2:value>
            </ns2:value>
          </ns2:data>
          <ns2:data>
            <ns2:key>AVERAGE_TARGETED_MONTHLY_SEARCHES</ns2:key>
            <ns2:value xmlns:xsi="http://www.w3.org/2001/XMLSchema-instance" xsi:type="ns2:LongAttribute">
              <ns2:Attribute.Type>LongAttribute</ns2:Attribute.Type>
              <ns2:value>291669</ns2:value>
            </ns2:value>
          </ns2:data>
        </ns2:entries>
        <ns2:entries>
          <ns2:data>
            <ns2:key>KEYWORD</ns2:key>
            <ns2:value xmlns:xsi="http://www.w3.org/2001/XMLSchema-instance" xsi:type="ns2:KeywordAttribute">
              <ns2:Attribute.Type>KeywordAttribute</ns2:Attribute.Type>
              <ns2:value>
                <Criterion.Type>Keyword</Criterion.Type>
                <text>Red Herring 7</text>
                <matchType>BROAD</matchType>
              </ns2:value>
            </ns2:value>
          </ns2:data>
          <ns2:data>
            <ns2:key>AVERAGE_TARGETED_MONTHLY_SEARCHES</ns2:key>
            <ns2:value xmlns:xsi="http://www.w3.org/2001/XMLSchema-instance" xsi:type="ns2:LongAttribute">
              <ns2:Attribute.Type>LongAttribute</ns2:Attribute.Type>
              <ns2:value>286546</ns2:value>
            </ns2:value>
          </ns2:data>
        </ns2:entries>
        <ns2:entries>
          <ns2:data>
            <ns2:key>KEYWORD</ns2:key>
            <ns2:value xmlns:xsi="http://www.w3.org/2001/XMLSchema-instance" xsi:type="ns2:KeywordAttribute">
              <ns2:Attribute.Type>KeywordAttribute</ns2:Attribute.Type>
              <ns2:value>
                <Criterion.Type>Keyword</Criterion.Type>
                <text>sample keyword 526502799 8</text>
                <matchType>BROAD</matchType>
              </ns2:value>
            </ns2:value>
          </ns2:data>
          <ns2:data>
            <ns2:key>AVERAGE_TARGETED_MONTHLY_SEARCHES</ns2:key>
            <ns2:value xmlns:xsi="http://www.w3.org/2001/XMLSchema-instance" xsi:type="ns2:LongAttribute">
              <ns2:Attribute.Type>LongAttribute</ns2:Attribute.Type>
              <ns2:value>243048</ns2:value>
            </ns2:value>
          </ns2:data>
        </ns2:entries>
        <ns2:entries>
          <ns2:data>
            <ns2:key>KEYWORD</ns2:key>
            <ns2:value xmlns:xsi="http://www.w3.org/2001/XMLSchema-instance" xsi:type="ns2:KeywordAttribute">
              <ns2:Attribute.Type>KeywordAttribute</ns2:Attribute.Type>
              <ns2:value>
                <Criterion.Type>Keyword</Criterion.Type>
                <text>Red Herring 9</text>
                <matchType>BROAD</matchType>
              </ns2:value>
            </ns2:value>
          </ns2:data>
          <ns2:data>
            <ns2:key>AVERAGE_TARGETED_MONTHLY_SEARCHES</ns2:key>
            <ns2:value xmlns:xsi="http://www.w3.org/2001/XMLSchema-instance" xsi:type="ns2:LongAttribute">
              <ns2:Attribute.Type>LongAttribute</ns2:Attribute.Type>
              <ns2:value>261547</ns2:value>
            </ns2:value>
          </ns2:data>
        </ns2:entries>
      </ns2:rval>
    </ns2:getResponse>
  </soap:Body>
</soap:Envelope>

[Jan 05 2011 20:49:53.000000 - INFO] POST /api/adwords/o/v201008/TargetingIdeaService HTTP/1.1
Host: adwords.google.com
Connection: Keep-Alive
User-Agent: PHP-SOAP/5.2.9, gzip
Accept-Encoding: gzip, deflate
Content-Encoding: gzip
Content-Type: text/xml; charset=utf-8
SOAPAction: ""
Content-Length: 783

<?xml version="1.0" encoding="UTF-8"?>
<SOAP-ENV:Envelope xmlns:SOAP-ENV="http://schemas.xmlsoap.org/soap/envelope/" xmlns:ns1="https://adwords.google.com/api/adwords/cm/v201008" xmlns:ns2="https://adwords.google.com/api/adwords/o/v201008" xmlns:xsi="http://www.w3.org/2001/XMLSchema-instance">
  <SOAP-ENV:Header>
    <ns2:RequestHeader xsi:type="ns1:RequestHeader">
      <ns1:authToken>*****</ns1:authToken>
      <ns1:developerToken>malkouna@gmail.com++AUD</ns1:developerToken>
      <ns1:userAgent>AwApi-PHP-2.4.1-agencyxyz</ns1:userAgent>
    </ns2:RequestHeader>
  </SOAP-ENV:Header>
  <SOAP-ENV:Body>
    <ns2:get>
      <ns2:selector>
        <ns2:searchParameters xmlns:ns2="https://adwords.google.com/api/adwords/o/v201008" xsi:type="ns2:RelatedToKeywordSearchParameter">
          <ns2:keywords>
            <ns1:text>mars cruise</ns1:text>
            <ns1:matchType>BROAD</ns1:matchType>
          </ns2:keywords>
        </ns2:searchParameters>
        <ns2:searchParameters xmlns:ns2="https://adwords.google.com/api/adwords/o/v201008" xsi:type="ns2:KeywordMatchTypeSearchParameter">
          <ns2:keywordMatchTypes>BROAD</ns2:keywordMatchTypes>
        </ns2:searchParameters>
        <ns2:ideaType>KEYWORD</ns2:ideaType>
        <ns2:requestType>IDEAS</ns2:requestType>
        <ns2:requestedAttributeTypes>KEYWORD</ns2:requestedAttributeTypes>
        <ns2:requestedAttributeTypes>AVERAGE_TARGETED_MONTHLY_SEARCHES</ns2:requestedAttributeTypes>
        <ns2:paging>
          <ns1:startIndex>0</ns1:startIndex>
          <ns1:numberResults>10</ns1:numberResults>
        </ns2:paging>
      </ns2:selector>
    </ns2:get>
  </SOAP-ENV:Body>
</SOAP-ENV:Envelope>


HTTP/1.1 500 Internal Server Error
Content-Type: text/xml; charset=UTF-8
Content-Encoding: gzip
Transfer-Encoding: chunked
Date: Wed, 05 Jan 2011 09:49:53 GMT
Expires: Wed, 05 Jan 2011 09:49:53 GMT
Cache-Control: private, max-age=0
X-Content-Type-Options: nosniff
X-Frame-Options: SAMEORIGIN
X-XSS-Protection: 1; mode=block
Server: GSE

<?xml version="1.0"?>
<soap:Envelope xmlns:soap="http://schemas.xmlsoap.org/soap/envelope/">
  <soap:Header>
    <ResponseHeader xmlns:ns2="https://adwords.google.com/api/adwords/cm/v201008" xmlns="https://adwords.google.com/api/adwords/o/v201008">
      <ns2:requestId>8955c2cbc669b6e879262a6c36a2bf94</ns2:requestId>
      <ns2:operations>0</ns2:operations>
      <ns2:responseTime>3697</ns2:responseTime>
      <ns2:units>0</ns2:units>
    </ResponseHeader>
  </soap:Header>
  <soap:Body>
    <soap:Fault>
      <faultcode>soap:Server</faultcode>
      <faultstring>QuotaCheckError.INVALID_TOKEN_HEADER @ ; trigger:'malkouna@gmail.com++AUD'</faultstring>
      <detail>
        <ApiExceptionFault xmlns="https://adwords.google.com/api/adwords/o/v201008" xmlns:ns2="https://adwords.google.com/api/adwords/cm/v201008">
          <ns2:message>QuotaCheckError.INVALID_TOKEN_HEADER @ ; trigger:'malkouna@gmail.com++AUD'</ns2:message>
          <ns2:ApplicationException.Type>ApiException</ns2:ApplicationException.Type>
          <ns2:errors xmlns:xsi="http://www.w3.org/2001/XMLSchema-instance" xsi:type="ns2:QuotaCheckError">
            <ns2:fieldPath/>
            <ns2:trigger>malkouna@gmail.com++AUD</ns2:trigger>
            <ns2:errorString>QuotaCheckError.INVALID_TOKEN_HEADER</ns2:errorString>
            <ns2:ApiError.Type>QuotaCheckError</ns2:ApiError.Type>
            <ns2:reason>INVALID_TOKEN_HEADER</ns2:reason>
          </ns2:errors>
        </ApiExceptionFault>
      </detail>
    </soap:Fault>
  </soap:Body>
</soap:Envelope>

[Jan 05 2011 22:03:01.000000 - INFO] POST /api/adwords/o/v201008/TargetingIdeaService HTTP/1.1
Host: adwords-sandbox.google.com
Connection: Keep-Alive
User-Agent: PHP-SOAP/5.2.9, gzip
Accept-Encoding: gzip, deflate
Content-Encoding: gzip
Content-Type: text/xml; charset=utf-8
SOAPAction: ""
Content-Length: 785

<?xml version="1.0" encoding="UTF-8"?>
<SOAP-ENV:Envelope xmlns:SOAP-ENV="http://schemas.xmlsoap.org/soap/envelope/" xmlns:ns1="https://adwords.google.com/api/adwords/cm/v201008" xmlns:ns2="https://adwords.google.com/api/adwords/o/v201008" xmlns:xsi="http://www.w3.org/2001/XMLSchema-instance">
  <SOAP-ENV:Header>
    <ns2:RequestHeader xsi:type="ns1:RequestHeader">
      <ns1:authToken>*****</ns1:authToken>
      <ns1:developerToken>malkouna@gmail.com++AUD</ns1:developerToken>
      <ns1:userAgent>AwApi-PHP-2.4.1-agencyxyz</ns1:userAgent>
    </ns2:RequestHeader>
  </SOAP-ENV:Header>
  <SOAP-ENV:Body>
    <ns2:get>
      <ns2:selector>
        <ns2:searchParameters xmlns:ns2="https://adwords.google.com/api/adwords/o/v201008" xsi:type="ns2:RelatedToKeywordSearchParameter">
          <ns2:keywords>
            <ns1:text>mars cruise</ns1:text>
            <ns1:matchType>BROAD</ns1:matchType>
          </ns2:keywords>
        </ns2:searchParameters>
        <ns2:searchParameters xmlns:ns2="https://adwords.google.com/api/adwords/o/v201008" xsi:type="ns2:KeywordMatchTypeSearchParameter">
          <ns2:keywordMatchTypes>BROAD</ns2:keywordMatchTypes>
        </ns2:searchParameters>
        <ns2:ideaType>KEYWORD</ns2:ideaType>
        <ns2:requestType>IDEAS</ns2:requestType>
        <ns2:requestedAttributeTypes>KEYWORD</ns2:requestedAttributeTypes>
        <ns2:requestedAttributeTypes>AVERAGE_TARGETED_MONTHLY_SEARCHES</ns2:requestedAttributeTypes>
        <ns2:paging>
          <ns1:startIndex>0</ns1:startIndex>
          <ns1:numberResults>10</ns1:numberResults>
        </ns2:paging>
      </ns2:selector>
    </ns2:get>
  </SOAP-ENV:Body>
</SOAP-ENV:Envelope>


HTTP/1.1 200 OK
Content-Type: text/xml; charset=UTF-8
SOAPAction: ""
Content-Encoding: gzip
Transfer-Encoding: chunked
Date: Wed, 05 Jan 2011 11:03:01 GMT
Expires: Wed, 05 Jan 2011 11:03:01 GMT
Cache-Control: private, max-age=0
X-Content-Type-Options: nosniff
X-Frame-Options: SAMEORIGIN
X-XSS-Protection: 1; mode=block
Server: GSE

<?xml version="1.0"?>
<soap:Envelope xmlns:soap="http://schemas.xmlsoap.org/soap/envelope/">
  <soap:Header>
    <ns2:ResponseHeader xmlns:ns2="https://adwords.google.com/api/adwords/o/v201008" xmlns="https://adwords.google.com/api/adwords/cm/v201008">
      <requestId>e641d47a7ebdd30a6d2f39793361cfef</requestId>
      <operations>10</operations>
      <responseTime>1313</responseTime>
      <units>10</units>
    </ns2:ResponseHeader>
  </soap:Header>
  <soap:Body>
    <ns2:getResponse xmlns="https://adwords.google.com/api/adwords/cm/v201008" xmlns:ns2="https://adwords.google.com/api/adwords/o/v201008">
      <ns2:rval>
        <ns2:totalNumEntries>100</ns2:totalNumEntries>
        <ns2:entries>
          <ns2:data>
            <ns2:key>KEYWORD</ns2:key>
            <ns2:value xmlns:xsi="http://www.w3.org/2001/XMLSchema-instance" xsi:type="ns2:KeywordAttribute">
              <ns2:Attribute.Type>KeywordAttribute</ns2:Attribute.Type>
              <ns2:value>
                <Criterion.Type>Keyword</Criterion.Type>
                <text>sample keyword 1015577273 0</text>
                <matchType>BROAD</matchType>
              </ns2:value>
            </ns2:value>
          </ns2:data>
          <ns2:data>
            <ns2:key>AVERAGE_TARGETED_MONTHLY_SEARCHES</ns2:key>
            <ns2:value xmlns:xsi="http://www.w3.org/2001/XMLSchema-instance" xsi:type="ns2:LongAttribute">
              <ns2:Attribute.Type>LongAttribute</ns2:Attribute.Type>
              <ns2:value>159864</ns2:value>
            </ns2:value>
          </ns2:data>
        </ns2:entries>
        <ns2:entries>
          <ns2:data>
            <ns2:key>KEYWORD</ns2:key>
            <ns2:value xmlns:xsi="http://www.w3.org/2001/XMLSchema-instance" xsi:type="ns2:KeywordAttribute">
              <ns2:Attribute.Type>KeywordAttribute</ns2:Attribute.Type>
              <ns2:value>
                <Criterion.Type>Keyword</Criterion.Type>
                <text>Red Herring 1</text>
                <matchType>BROAD</matchType>
              </ns2:value>
            </ns2:value>
          </ns2:data>
          <ns2:data>
            <ns2:key>AVERAGE_TARGETED_MONTHLY_SEARCHES</ns2:key>
            <ns2:value xmlns:xsi="http://www.w3.org/2001/XMLSchema-instance" xsi:type="ns2:LongAttribute">
              <ns2:Attribute.Type>LongAttribute</ns2:Attribute.Type>
              <ns2:value>75837</ns2:value>
            </ns2:value>
          </ns2:data>
        </ns2:entries>
        <ns2:entries>
          <ns2:data>
            <ns2:key>KEYWORD</ns2:key>
            <ns2:value xmlns:xsi="http://www.w3.org/2001/XMLSchema-instance" xsi:type="ns2:KeywordAttribute">
              <ns2:Attribute.Type>KeywordAttribute</ns2:Attribute.Type>
              <ns2:value>
                <Criterion.Type>Keyword</Criterion.Type>
                <text>sample keyword 1015577273 2</text>
                <matchType>BROAD</matchType>
              </ns2:value>
            </ns2:value>
          </ns2:data>
          <ns2:data>
            <ns2:key>AVERAGE_TARGETED_MONTHLY_SEARCHES</ns2:key>
            <ns2:value xmlns:xsi="http://www.w3.org/2001/XMLSchema-instance" xsi:type="ns2:LongAttribute">
              <ns2:Attribute.Type>LongAttribute</ns2:Attribute.Type>
              <ns2:value>275529</ns2:value>
            </ns2:value>
          </ns2:data>
        </ns2:entries>
        <ns2:entries>
          <ns2:data>
            <ns2:key>KEYWORD</ns2:key>
            <ns2:value xmlns:xsi="http://www.w3.org/2001/XMLSchema-instance" xsi:type="ns2:KeywordAttribute">
              <ns2:Attribute.Type>KeywordAttribute</ns2:Attribute.Type>
              <ns2:value>
                <Criterion.Type>Keyword</Criterion.Type>
                <text>Red Herring 3</text>
                <matchType>BROAD</matchType>
              </ns2:value>
            </ns2:value>
          </ns2:data>
          <ns2:data>
            <ns2:key>AVERAGE_TARGETED_MONTHLY_SEARCHES</ns2:key>
            <ns2:value xmlns:xsi="http://www.w3.org/2001/XMLSchema-instance" xsi:type="ns2:LongAttribute">
              <ns2:Attribute.Type>LongAttribute</ns2:Attribute.Type>
              <ns2:value>182350</ns2:value>
            </ns2:value>
          </ns2:data>
        </ns2:entries>
        <ns2:entries>
          <ns2:data>
            <ns2:key>KEYWORD</ns2:key>
            <ns2:value xmlns:xsi="http://www.w3.org/2001/XMLSchema-instance" xsi:type="ns2:KeywordAttribute">
              <ns2:Attribute.Type>KeywordAttribute</ns2:Attribute.Type>
              <ns2:value>
                <Criterion.Type>Keyword</Criterion.Type>
                <text>sample keyword 1015577273 4</text>
                <matchType>BROAD</matchType>
              </ns2:value>
            </ns2:value>
          </ns2:data>
          <ns2:data>
            <ns2:key>AVERAGE_TARGETED_MONTHLY_SEARCHES</ns2:key>
            <ns2:value xmlns:xsi="http://www.w3.org/2001/XMLSchema-instance" xsi:type="ns2:LongAttribute">
              <ns2:Attribute.Type>LongAttribute</ns2:Attribute.Type>
              <ns2:value>132042</ns2:value>
            </ns2:value>
          </ns2:data>
        </ns2:entries>
        <ns2:entries>
          <ns2:data>
            <ns2:key>KEYWORD</ns2:key>
            <ns2:value xmlns:xsi="http://www.w3.org/2001/XMLSchema-instance" xsi:type="ns2:KeywordAttribute">
              <ns2:Attribute.Type>KeywordAttribute</ns2:Attribute.Type>
              <ns2:value>
                <Criterion.Type>Keyword</Criterion.Type>
                <text>Red Herring 5</text>
                <matchType>BROAD</matchType>
              </ns2:value>
            </ns2:value>
          </ns2:data>
          <ns2:data>
            <ns2:key>AVERAGE_TARGETED_MONTHLY_SEARCHES</ns2:key>
            <ns2:value xmlns:xsi="http://www.w3.org/2001/XMLSchema-instance" xsi:type="ns2:LongAttribute">
              <ns2:Attribute.Type>LongAttribute</ns2:Attribute.Type>
              <ns2:value>298015</ns2:value>
            </ns2:value>
          </ns2:data>
        </ns2:entries>
        <ns2:entries>
          <ns2:data>
            <ns2:key>KEYWORD</ns2:key>
            <ns2:value xmlns:xsi="http://www.w3.org/2001/XMLSchema-instance" xsi:type="ns2:KeywordAttribute">
              <ns2:Attribute.Type>KeywordAttribute</ns2:Attribute.Type>
              <ns2:value>
                <Criterion.Type>Keyword</Criterion.Type>
                <text>sample keyword 1015577273 6</text>
                <matchType>BROAD</matchType>
              </ns2:value>
            </ns2:value>
          </ns2:data>
          <ns2:data>
            <ns2:key>AVERAGE_TARGETED_MONTHLY_SEARCHES</ns2:key>
            <ns2:value xmlns:xsi="http://www.w3.org/2001/XMLSchema-instance" xsi:type="ns2:LongAttribute">
              <ns2:Attribute.Type>LongAttribute</ns2:Attribute.Type>
              <ns2:value>247707</ns2:value>
            </ns2:value>
          </ns2:data>
        </ns2:entries>
        <ns2:entries>
          <ns2:data>
            <ns2:key>KEYWORD</ns2:key>
            <ns2:value xmlns:xsi="http://www.w3.org/2001/XMLSchema-instance" xsi:type="ns2:KeywordAttribute">
              <ns2:Attribute.Type>KeywordAttribute</ns2:Attribute.Type>
              <ns2:value>
                <Criterion.Type>Keyword</Criterion.Type>
                <text>Red Herring 7</text>
                <matchType>BROAD</matchType>
              </ns2:value>
            </ns2:value>
          </ns2:data>
          <ns2:data>
            <ns2:key>AVERAGE_TARGETED_MONTHLY_SEARCHES</ns2:key>
            <ns2:value xmlns:xsi="http://www.w3.org/2001/XMLSchema-instance" xsi:type="ns2:LongAttribute">
              <ns2:Attribute.Type>LongAttribute</ns2:Attribute.Type>
              <ns2:value>154527</ns2:value>
            </ns2:value>
          </ns2:data>
        </ns2:entries>
        <ns2:entries>
          <ns2:data>
            <ns2:key>KEYWORD</ns2:key>
            <ns2:value xmlns:xsi="http://www.w3.org/2001/XMLSchema-instance" xsi:type="ns2:KeywordAttribute">
              <ns2:Attribute.Type>KeywordAttribute</ns2:Attribute.Type>
              <ns2:value>
                <Criterion.Type>Keyword</Criterion.Type>
                <text>sample keyword 1015577273 8</text>
                <matchType>BROAD</matchType>
              </ns2:value>
            </ns2:value>
          </ns2:data>
          <ns2:data>
            <ns2:key>AVERAGE_TARGETED_MONTHLY_SEARCHES</ns2:key>
            <ns2:value xmlns:xsi="http://www.w3.org/2001/XMLSchema-instance" xsi:type="ns2:LongAttribute">
              <ns2:Attribute.Type>LongAttribute</ns2:Attribute.Type>
              <ns2:value>104219</ns2:value>
            </ns2:value>
          </ns2:data>
        </ns2:entries>
        <ns2:entries>
          <ns2:data>
            <ns2:key>KEYWORD</ns2:key>
            <ns2:value xmlns:xsi="http://www.w3.org/2001/XMLSchema-instance" xsi:type="ns2:KeywordAttribute">
              <ns2:Attribute.Type>KeywordAttribute</ns2:Attribute.Type>
              <ns2:value>
                <Criterion.Type>Keyword</Criterion.Type>
                <text>Red Herring 9</text>
                <matchType>BROAD</matchType>
              </ns2:value>
            </ns2:value>
          </ns2:data>
          <ns2:data>
            <ns2:key>AVERAGE_TARGETED_MONTHLY_SEARCHES</ns2:key>
            <ns2:value xmlns:xsi="http://www.w3.org/2001/XMLSchema-instance" xsi:type="ns2:LongAttribute">
              <ns2:Attribute.Type>LongAttribute</ns2:Attribute.Type>
              <ns2:value>270192</ns2:value>
            </ns2:value>
          </ns2:data>
        </ns2:entries>
      </ns2:rval>
    </ns2:getResponse>
  </soap:Body>
</soap:Envelope>

[May 18 2011 05:46:52.000000 - INFO] POST /api/adwords/cm/v201008/CampaignService HTTP/1.1
Host: adwords-sandbox.google.com
Connection: Keep-Alive
User-Agent: PHP-SOAP/5.3.5, gzip
Accept-Encoding: gzip, deflate
Content-Encoding: gzip
Content-Type: text/xml; charset=utf-8
SOAPAction: ""
Content-Length: 528

<?xml version="1.0" encoding="UTF-8"?>
<SOAP-ENV:Envelope xmlns:SOAP-ENV="http://schemas.xmlsoap.org/soap/envelope/" xmlns:ns1="https://adwords.google.com/api/adwords/cm/v201008" xmlns:xsi="http://www.w3.org/2001/XMLSchema-instance">
  <SOAP-ENV:Header>
    <ns1:RequestHeader xsi:type="ns1:RequestHeader">
      <ns1:authToken>*****</ns1:authToken>
      <ns1:developerToken>malkouna@gmail.com++AUD</ns1:developerToken>
      <ns1:userAgent>AwApi-PHP-2.4.1-agencyxyz</ns1:userAgent>
    </ns1:RequestHeader>
  </SOAP-ENV:Header>
  <SOAP-ENV:Body>
    <ns1:get>
      <ns1:selector/>
    </ns1:get>
  </SOAP-ENV:Body>
</SOAP-ENV:Envelope>


HTTP/1.1 200 OK
Content-Type: text/xml; charset=UTF-8
SOAPAction: ""
Content-Encoding: gzip
Transfer-Encoding: chunked
Date: Wed, 18 May 2011 03:46:58 GMT
Expires: Wed, 18 May 2011 03:46:58 GMT
Cache-Control: private, max-age=0
X-Content-Type-Options: nosniff
X-Frame-Options: SAMEORIGIN
X-XSS-Protection: 1; mode=block
Server: GSE

<?xml version="1.0"?>
<soap:Envelope xmlns:soap="http://schemas.xmlsoap.org/soap/envelope/">
  <soap:Header>
    <ResponseHeader xmlns="https://adwords.google.com/api/adwords/cm/v201008">
      <requestId>355d44a11a9fa30c30e3150edfe68fff</requestId>
      <operations>1</operations>
      <responseTime>1984</responseTime>
      <units>1</units>
    </ResponseHeader>
  </soap:Header>
  <soap:Body>
    <getResponse xmlns="https://adwords.google.com/api/adwords/cm/v201008">
      <rval>
        <totalNumEntries>0</totalNumEntries>
        <Page.Type>CampaignPage</Page.Type>
        <totalBudget>
          <period>DAILY</period>
          <amount>
            <ComparableValue.Type>Money</ComparableValue.Type>
            <microAmount>0</microAmount>
          </amount>
          <deliveryMethod>STANDARD</deliveryMethod>
        </totalBudget>
      </rval>
    </getResponse>
  </soap:Body>
</soap:Envelope>

[May 18 2011 09:19:34.000000 - INFO] POST /api/adwords/cm/v201008/CampaignTargetService HTTP/1.1
Host: adwords-sandbox.google.com
Connection: Keep-Alive
User-Agent: PHP-SOAP/5.3.5, gzip
Accept-Encoding: gzip, deflate
Content-Encoding: gzip
Content-Type: text/xml; charset=utf-8
SOAPAction: ""
Content-Length: 748

<?xml version="1.0" encoding="UTF-8"?>
<SOAP-ENV:Envelope xmlns:SOAP-ENV="http://schemas.xmlsoap.org/soap/envelope/" xmlns:ns1="https://adwords.google.com/api/adwords/cm/v201008" xmlns:xsi="http://www.w3.org/2001/XMLSchema-instance">
  <SOAP-ENV:Header>
    <ns1:RequestHeader xsi:type="ns1:RequestHeader">
      <ns1:authToken>*****</ns1:authToken>
      <ns1:developerToken>malkouna@gmail.com++AUD</ns1:developerToken>
      <ns1:userAgent>AwApi-PHP-2.4.1-agencyxyz</ns1:userAgent>
    </ns1:RequestHeader>
  </SOAP-ENV:Header>
  <SOAP-ENV:Body>
    <ns1:mutate>
      <ns1:operations>
        <ns1:operator>SET</ns1:operator>
        <ns1:operand xmlns:ns1="https://adwords.google.com/api/adwords/cm/v201008" xsi:type="ns1:LanguageTargetList">
          <ns1:campaignId>85610263</ns1:campaignId>
          <ns1:targets>
            <ns1:languageCode>fr</ns1:languageCode>
          </ns1:targets>
          <ns1:targets>
            <ns1:languageCode>ja</ns1:languageCode>
          </ns1:targets>
        </ns1:operand>
      </ns1:operations>
      <ns1:operations>
        <ns1:operator>SET</ns1:operator>
        <ns1:operand xmlns:ns1="https://adwords.google.com/api/adwords/cm/v201008" xsi:type="ns1:GeoTargetList">
          <ns1:campaignId>85610263</ns1:campaignId>
          <ns1:targets xmlns:ns1="https://adwords.google.com/api/adwords/cm/v201008" xsi:type="ns1:CountryTarget">
            <ns1:countryCode>US</ns1:countryCode>
          </ns1:targets>
          <ns1:targets xmlns:ns1="https://adwords.google.com/api/adwords/cm/v201008" xsi:type="ns1:CountryTarget">
            <ns1:countryCode>JP</ns1:countryCode>
          </ns1:targets>
        </ns1:operand>
      </ns1:operations>
      <ns1:operations>
        <ns1:operator>SET</ns1:operator>
        <ns1:operand xmlns:ns1="https://adwords.google.com/api/adwords/cm/v201008" xsi:type="ns1:NetworkTargetList">
          <ns1:campaignId>85610263</ns1:campaignId>
          <ns1:targets>
            <ns1:networkCoverageType>GOOGLE_SEARCH</ns1:networkCoverageType>
          </ns1:targets>
          <ns1:targets>
            <ns1:networkCoverageType>SEARCH_NETWORK</ns1:networkCoverageType>
          </ns1:targets>
        </ns1:operand>
      </ns1:operations>
    </ns1:mutate>
  </SOAP-ENV:Body>
</SOAP-ENV:Envelope>


HTTP/1.1 500 Internal Server Error
Content-Type: text/xml; charset=UTF-8
Content-Encoding: gzip
Transfer-Encoding: chunked
Date: Wed, 18 May 2011 07:19:39 GMT
Expires: Wed, 18 May 2011 07:19:39 GMT
Cache-Control: private, max-age=0
X-Content-Type-Options: nosniff
X-Frame-Options: SAMEORIGIN
X-XSS-Protection: 1; mode=block
Server: GSE

<?xml version="1.0"?>
<soap:Envelope xmlns:soap="http://schemas.xmlsoap.org/soap/envelope/">
  <soap:Header>
    <ResponseHeader xmlns="https://adwords.google.com/api/adwords/cm/v201008">
      <requestId>8c57d6ec4e5495fe63f5678d31668a79</requestId>
      <operations>1</operations>
      <responseTime>262</responseTime>
      <units>1</units>
    </ResponseHeader>
  </soap:Header>
  <soap:Body>
    <soap:Fault>
      <faultcode>soap:Server</faultcode>
      <faultstring>[EntityNotFound.INVALID_ID @ operations[0].operand.campaignId; trigger:'CampaignId: 85610263']</faultstring>
      <detail>
        <ApiExceptionFault xmlns="https://adwords.google.com/api/adwords/cm/v201008">
          <message>[EntityNotFound.INVALID_ID @ operations[0].operand.campaignId; trigger:'CampaignId: 85610263']</message>
          <ApplicationException.Type>ApiException</ApplicationException.Type>
          <errors xmlns:xsi="http://www.w3.org/2001/XMLSchema-instance" xsi:type="EntityNotFound">
            <fieldPath>operations[0].operand.campaignId</fieldPath>
            <trigger>CampaignId: 85610263</trigger>
            <errorString>EntityNotFound.INVALID_ID</errorString>
            <ApiError.Type>EntityNotFound</ApiError.Type>
            <reason>INVALID_ID</reason>
          </errors>
        </ApiExceptionFault>
      </detail>
    </soap:Fault>
  </soap:Body>
</soap:Envelope>

[May 18 2011 09:20:41.000000 - INFO] POST /api/adwords/cm/v201008/CampaignService HTTP/1.1
Host: adwords-sandbox.google.com
Connection: Keep-Alive
User-Agent: PHP-SOAP/5.3.5, gzip
Accept-Encoding: gzip, deflate
Content-Encoding: gzip
Content-Type: text/xml; charset=utf-8
SOAPAction: ""
Content-Length: 529

<?xml version="1.0" encoding="UTF-8"?>
<SOAP-ENV:Envelope xmlns:SOAP-ENV="http://schemas.xmlsoap.org/soap/envelope/" xmlns:ns1="https://adwords.google.com/api/adwords/cm/v201008" xmlns:xsi="http://www.w3.org/2001/XMLSchema-instance">
  <SOAP-ENV:Header>
    <ns1:RequestHeader xsi:type="ns1:RequestHeader">
      <ns1:authToken>*****</ns1:authToken>
      <ns1:developerToken>malkouna@gmail.com++AUD</ns1:developerToken>
      <ns1:userAgent>AwApi-PHP-2.4.1-agencyxyz</ns1:userAgent>
    </ns1:RequestHeader>
  </SOAP-ENV:Header>
  <SOAP-ENV:Body>
    <ns1:get>
      <ns1:selector/>
    </ns1:get>
  </SOAP-ENV:Body>
</SOAP-ENV:Envelope>


HTTP/1.1 200 OK
Content-Type: text/xml; charset=UTF-8
SOAPAction: ""
Content-Encoding: gzip
Transfer-Encoding: chunked
Date: Wed, 18 May 2011 07:20:47 GMT
Expires: Wed, 18 May 2011 07:20:47 GMT
Cache-Control: private, max-age=0
X-Content-Type-Options: nosniff
X-Frame-Options: SAMEORIGIN
X-XSS-Protection: 1; mode=block
Server: GSE

<?xml version="1.0"?>
<soap:Envelope xmlns:soap="http://schemas.xmlsoap.org/soap/envelope/">
  <soap:Header>
    <ResponseHeader xmlns="https://adwords.google.com/api/adwords/cm/v201008">
      <requestId>2460db1017930c939b3c48ac319c74ff</requestId>
      <operations>1</operations>
      <responseTime>124</responseTime>
      <units>1</units>
    </ResponseHeader>
  </soap:Header>
  <soap:Body>
    <getResponse xmlns="https://adwords.google.com/api/adwords/cm/v201008">
      <rval>
        <totalNumEntries>0</totalNumEntries>
        <Page.Type>CampaignPage</Page.Type>
        <totalBudget>
          <period>DAILY</period>
          <amount>
            <ComparableValue.Type>Money</ComparableValue.Type>
            <microAmount>0</microAmount>
          </amount>
          <deliveryMethod>STANDARD</deliveryMethod>
        </totalBudget>
      </rval>
    </getResponse>
  </soap:Body>
</soap:Envelope>

[May 18 2011 09:21:09.000000 - INFO] POST /api/adwords/cm/v201008/CampaignService HTTP/1.1
Host: adwords-sandbox.google.com
Connection: Keep-Alive
User-Agent: PHP-SOAP/5.3.5, gzip
Accept-Encoding: gzip, deflate
Content-Encoding: gzip
Content-Type: text/xml; charset=utf-8
SOAPAction: ""
Content-Length: 709

<?xml version="1.0" encoding="UTF-8"?>
<SOAP-ENV:Envelope xmlns:SOAP-ENV="http://schemas.xmlsoap.org/soap/envelope/" xmlns:ns1="https://adwords.google.com/api/adwords/cm/v201008" xmlns:xsi="http://www.w3.org/2001/XMLSchema-instance">
  <SOAP-ENV:Header>
    <ns1:RequestHeader xsi:type="ns1:RequestHeader">
      <ns1:authToken>*****</ns1:authToken>
      <ns1:developerToken>malkouna@gmail.com++AUD</ns1:developerToken>
      <ns1:userAgent>AwApi-PHP-2.4.1-agencyxyz</ns1:userAgent>
    </ns1:RequestHeader>
  </SOAP-ENV:Header>
  <SOAP-ENV:Body>
    <ns1:mutate>
      <ns1:operations>
        <ns1:operator>ADD</ns1:operator>
        <ns1:operand>
          <ns1:name>Interplanetary Cruise #1305703268</ns1:name>
          <ns1:status>PAUSED</ns1:status>
          <ns1:budget>
            <ns1:period>DAILY</ns1:period>
            <ns1:amount>
              <ns1:microAmount>50000000</ns1:microAmount>
            </ns1:amount>
            <ns1:deliveryMethod>STANDARD</ns1:deliveryMethod>
          </ns1:budget>
          <ns1:biddingStrategy xmlns:ns1="https://adwords.google.com/api/adwords/cm/v201008" xsi:type="ns1:ManualCPC"/>
        </ns1:operand>
      </ns1:operations>
    </ns1:mutate>
  </SOAP-ENV:Body>
</SOAP-ENV:Envelope>


HTTP/1.1 500 Internal Server Error
Content-Type: text/xml; charset=UTF-8
Content-Encoding: gzip
Transfer-Encoding: chunked
Date: Wed, 18 May 2011 07:21:14 GMT
Expires: Wed, 18 May 2011 07:21:14 GMT
Cache-Control: private, max-age=0
X-Content-Type-Options: nosniff
X-Frame-Options: SAMEORIGIN
X-XSS-Protection: 1; mode=block
Server: GSE

<?xml version="1.0"?>
<soap:Envelope xmlns:soap="http://schemas.xmlsoap.org/soap/envelope/">
  <soap:Header>
    <ResponseHeader xmlns="https://adwords.google.com/api/adwords/cm/v201008">
      <requestId>9e5f3e14fb03a30aff8207c03f50415c</requestId>
      <operations>1</operations>
      <responseTime>78</responseTime>
      <units>1</units>
    </ResponseHeader>
  </soap:Header>
  <soap:Body>
    <soap:Fault>
      <faultcode>soap:Server</faultcode>
      <faultstring>[OperationAccessDenied.ADD_OPERATION_NOT_PERMITTED @ operations[0]]</faultstring>
      <detail>
        <ApiExceptionFault xmlns="https://adwords.google.com/api/adwords/cm/v201008">
          <message>[OperationAccessDenied.ADD_OPERATION_NOT_PERMITTED @ operations[0]]</message>
          <ApplicationException.Type>ApiException</ApplicationException.Type>
          <errors xmlns:xsi="http://www.w3.org/2001/XMLSchema-instance" xsi:type="OperationAccessDenied">
            <fieldPath>operations[0]</fieldPath>
            <trigger/>
            <errorString>OperationAccessDenied.ADD_OPERATION_NOT_PERMITTED</errorString>
            <ApiError.Type>OperationAccessDenied</ApiError.Type>
            <reason>ADD_OPERATION_NOT_PERMITTED</reason>
          </errors>
        </ApiExceptionFault>
      </detail>
    </soap:Fault>
  </soap:Body>
</soap:Envelope>

